#
# A fatal error has been detected by the Java Runtime Environment:
#
#  SIGSEGV (0xb) at pc=0x00000000, pid=9102, tid=0x75bccb40
#
# JRE version: OpenJDK Runtime Environment (Zulu 8.92.0.19-CA-linux32) (8.0_482-b08) (build 1.8.0_482-b08)
# Java VM: OpenJDK Server VM (25.482-b08 mixed mode linux-x86 )
# Problematic frame:
# C  0x00000000
#
# Failed to write core dump. Core dumps have been disabled. To enable core dumping, try "ulimit -c unlimited" before starting Java again
#
# If you would like to submit a bug report, please visit:
#   http://www.azul.com/support/
#

---------------  T H R E A D  ---------------

Current thread is native thread

siginfo: si_signo: 11 (SIGSEGV), si_code: 1 (SEGV_MAPERR), si_addr: 0x00000000

Registers:
EAX=0x86bc5450, EBX=0x86bc4ff4, ECX=0x00000000, EDX=0x873aa780
ESP=0x75bcc23c, EBP=0x00012000, ESI=0x00000400, EDI=0x87395620
EIP=0x00000000, EFLAGS=0x00010246, CR2=0x00000000

Top of Stack: (sp=0x75bcc23c)
0x75bcc23c:   86b92348 87395620 00000000 00001000
0x75bcc24c:   b7d7c782 00000000 75bcc284 00000000
0x75bcc25c:   8738fa60 81c0d000 00002000 8738efc0
0x75bcc26c:   86a8d115 8738f0f0 86af23f4 8738efc0
0x75bcc27c:   86a98a1f bb800000 86a987e6 86af23f4
0x75bcc28c:   86a99fda 8738efc0 00000000 00002000
0x75bcc29c:   86a99ff7 75bcc310 75bcc310 00000000
0x75bcc2ac:   b7d824a9 8738d56c 00000000 86a99f09 

Instructions: (pc=0x00000000)
0xffffffe0:   

Register to memory mapping:

EAX=0x86bc5450: <offset 0x50450> in /tmp/libgdxartur/1c78875b/libopenal.so at 0x86b75000
EBX=0x86bc4ff4: <offset 0x4fff4> in /tmp/libgdxartur/1c78875b/libopenal.so at 0x86b75000
ECX=0x00000000 is an unknown value
EDX=0x873aa780 is an unknown value
ESP=0x75bcc23c is an unknown value
EBP=0x00012000 is an unknown value
ESI=0x00000400 is an unknown value
EDI=0x87395620 is an unknown value


Stack: [0x75acd000,0x75bcd000],  sp=0x75bcc23c,  free space=1020k

---------------  P R O C E S S  ---------------

VM state:at safepoint (shutting down)

VM Mutex/Monitor currently owned by a thread:  ([mutex/lock_event])
[0xb69087b0] Threads_lock - owner thread: 0x87c10c00

Heap:
 PSYoungGen      total 8960K, used 1438K [0x9d580000, 0x9df80000, 0xa7400000)
  eden space 7680K, 2% used [0x9d580000,0x9d5a8df8,0x9dd00000)
  from space 1280K, 99% used [0x9dd00000,0x9de3ed28,0x9de40000)
  to   space 1280K, 0% used [0x9de40000,0x9de40000,0x9df80000)
 ParOldGen       total 20480K, used 359K [0x89800000, 0x8ac00000, 0x9d580000)
  object space 20480K, 1% used [0x89800000,0x89859d08,0x8ac00000)
 Metaspace       used 4294K, capacity 4468K, committed 4528K, reserved 5424K

Card table byte_map: [0xa7451000,0xa7540000] byte_map_base: 0xa7005000

Marking Bits: (ParMarkBitMap*) 0xb788b9c0
 Begin Bits: [0x88520000, 0x88c90000)
 End Bits:   [0x88c90000, 0x89400000)

Polling page: 0xb7ef8000

CodeCache: size=245760Kb used=1444Kb max_used=1444Kb free=244315Kb
 bounds [0xa7900000, 0xa7b40000, 0xb6900000]
 total_blobs=600 nmethods=393 adapters=121
 compilation: enabled

Compilation events (10 events):
Event: 2,893 Thread 0x87c39000 nmethod 388 0xa7a60788 code [0xa7a608a0, 0xa7a60980]
Event: 2,893 Thread 0x87c39000  390       3       java.lang.invoke.MemberName::initResolved (53 bytes)
Event: 2,894 Thread 0x87c39000 nmethod 390 0xa7a604c8 code [0xa7a605e0, 0xa7a60700]
Event: 2,894 Thread 0x87c39000  389       3       sun.invoke.util.BytecodeDescriptor::unparseSig (75 bytes)
Event: 2,897 Thread 0x87c39000 nmethod 389 0xa7a67e88 code [0xa7a68140, 0xa7a69444]
Event: 3,227 Thread 0x87c37000  392       4       java.lang.StringBuilder::append (8 bytes)
Event: 3,247 Thread 0x87c39000  393       1       java.nio.Buffer::position (5 bytes)
Event: 3,247 Thread 0x87c39000 nmethod 393 0xa7a656c8 code [0xa7a657c0, 0xa7a65860]
Event: 3,247 Thread 0x87c39000  394       1       java.nio.Buffer::limit (5 bytes)
Event: 3,247 Thread 0x87c39000 nmethod 394 0xa7a654c8 code [0xa7a655c0, 0xa7a65660]

GC Heap History (2 events):
Event: 3,230 GC heap before
{Heap before GC invocations=1 (full 0):
 PSYoungGen      total 8960K, used 7680K [0x9d580000, 0x9df80000, 0xa7400000)
  eden space 7680K, 100% used [0x9d580000,0x9dd00000,0x9dd00000)
  from space 1280K, 0% used [0x9de40000,0x9de40000,0x9df80000)
  to   space 1280K, 0% used [0x9dd00000,0x9dd00000,0x9de40000)
 ParOldGen       total 20480K, used 0K [0x89800000, 0x8ac00000, 0x9d580000)
  object space 20480K, 0% used [0x89800000,0x89800000,0x8ac00000)
 Metaspace       used 4290K, capacity 4468K, committed 4528K, reserved 5424K
Event: 3,247 GC heap after
Heap after GC invocations=1 (full 0):
 PSYoungGen      total 8960K, used 1275K [0x9d580000, 0x9df80000, 0xa7400000)
  eden space 7680K, 0% used [0x9d580000,0x9d580000,0x9dd00000)
  from space 1280K, 99% used [0x9dd00000,0x9de3ed28,0x9de40000)
  to   space 1280K, 0% used [0x9de40000,0x9de40000,0x9df80000)
 ParOldGen       total 20480K, used 359K [0x89800000, 0x8ac00000, 0x9d580000)
  object space 20480K, 1% used [0x89800000,0x89859d08,0x8ac00000)
 Metaspace       used 4290K, capacity 4468K, committed 4528K, reserved 5424K
}

Deoptimization events (3 events):
Event: 1,088 Thread 0xb6909c00 Uncommon trap: reason=loop_limit_check action=maybe_recompile pc=0xa7a37608 method=java.lang.String.equals(Ljava/lang/Object;)Z @ 56
Event: 1,101 Thread 0xb6909c00 Uncommon trap: reason=loop_limit_check action=maybe_recompile pc=0xa79f0b48 method=java.lang.String.indexOf([CII[CIII)I @ 79
Event: 2,891 Thread 0x75919400 Uncommon trap: reason=unstable_if action=reinterpret pc=0xa7a1f0e0 method=java.lang.String.replace(CC)Ljava/lang/String; @ 26

Classes redefined (0 events):
No events

Internal exceptions (10 events):
Event: 1,383 Thread 0xb6909c00 Exception <a 'java/security/PrivilegedActionException'> (0x9daa54a8) thrown at [/home/zulu_re/workspace/Zulu/zulu-platform-build/74653/zulu-src.git/hotspot/src/share/vm/prims/jvm.cpp, line 1514]
Event: 1,384 Thread 0xb6909c00 Exception <a 'org/lwjgl/LWJGLException': Could not load OpenAL library> (0x9daa6778) thrown at [/home/zulu_re/workspace/Zulu/zulu-platform-build/74653/zulu-src.git/hotspot/src/share/vm/prims/jni.cpp, line 739]
Event: 1,384 Thread 0xb6909c00 Exception <a 'org/lwjgl/LWJGLException': Could not load OpenAL library> (0x9daa6d50) thrown at [/home/zulu_re/workspace/Zulu/zulu-platform-build/74653/zulu-src.git/hotspot/src/share/vm/prims/jni.cpp, line 739]
Event: 1,384 Thread 0xb6909c00 Exception <a 'org/lwjgl/LWJGLException': Could not load OpenAL library> (0x9daa7298) thrown at [/home/zulu_re/workspace/Zulu/zulu-platform-build/74653/zulu-src.git/hotspot/src/share/vm/prims/jni.cpp, line 739]
Event: 1,384 Thread 0xb6909c00 Exception <a 'org/lwjgl/LWJGLException': Could not load OpenAL library> (0x9daa7738) thrown at [/home/zulu_re/workspace/Zulu/zulu-platform-build/74653/zulu-src.git/hotspot/src/share/vm/prims/jni.cpp, line 739]
Event: 1,384 Thread 0xb6909c00 Exception <a 'org/lwjgl/LWJGLException': Could not load OpenAL library> (0x9daa7c60) thrown at [/home/zulu_re/workspace/Zulu/zulu-platform-build/74653/zulu-src.git/hotspot/src/share/vm/prims/jni.cpp, line 739]
Event: 1,385 Thread 0xb6909c00 Exception <a 'org/lwjgl/LWJGLException': Could not load OpenAL library> (0x9daa81e8) thrown at [/home/zulu_re/workspace/Zulu/zulu-platform-build/74653/zulu-src.git/hotspot/src/share/vm/prims/jni.cpp, line 739]
Event: 3,215 Thread 0x75919400 Exception <a 'java/lang/NoClassDefFoundError': org/lwjgl/opengles/GLContext> (0x9dcd8890) thrown at [/home/zulu_re/workspace/Zulu/zulu-platform-build/74653/zulu-src.git/hotspot/src/share/vm/classfile/systemDictionary.cpp, line 209]
Event: 3,216 Thread 0x75919400 Exception <a 'org/lwjgl/LWJGLException': Could not open X display connection> (0x9dcd8bf0) thrown at [/home/zulu_re/workspace/Zulu/zulu-platform-build/74653/zulu-src.git/hotspot/src/share/vm/prims/jni.cpp, line 739]
Event: 3,225 Thread 0x75919400 Exception <a 'java/lang/ExceptionInInitializerError'> (0x9dcd92e8) thrown at [/home/zulu_re/workspace/Zulu/zulu-platform-build/74653/zulu-src.git/hotspot/src/share/vm/oops/instanceKlass.cpp, line 968]

Events (10 events):
Event: 3,226 loading class java/util/IdentityHashMap$KeySet
Event: 3,226 loading class java/util/IdentityHashMap$KeySet done
Event: 3,230 Executing VM operation: ParallelGCFailedAllocation
Event: 3,247 Executing VM operation: ParallelGCFailedAllocation done
Event: 3,247 Thread 0x75919400 Thread exited: 0x75919400
Event: 3,247 loading class java/lang/Shutdown
Event: 3,247 loading class java/lang/Shutdown done
Event: 3,248 loading class java/lang/Shutdown$Lock
Event: 3,248 loading class java/lang/Shutdown$Lock done
Event: 3,248 Thread 0xb6909c00 Thread exited: 0xb6909c00


Dynamic libraries:
08048000-08049000 r-xp 00000000 08:05 4719114    /usr/lib/jvm/zulu8.92.0.19-ca-jdk8.0.482-linux_i686/bin/java
08049000-0804a000 r--p 00000000 08:05 4719114    /usr/lib/jvm/zulu8.92.0.19-ca-jdk8.0.482-linux_i686/bin/java
0804a000-0804b000 rw-p 00001000 08:05 4719114    /usr/lib/jvm/zulu8.92.0.19-ca-jdk8.0.482-linux_i686/bin/java
090e1000-091c6000 rw-p 00000000 00:00 0          [heap]
75718000-7572e000 r--p 00000000 08:05 2919548    /usr/lib/i386-linux-gnu/libGLdispatch.so.0.0.0
7572e000-7576d000 r-xp 00016000 08:05 2919548    /usr/lib/i386-linux-gnu/libGLdispatch.so.0.0.0
7576d000-75781000 r--p 00055000 08:05 2919548    /usr/lib/i386-linux-gnu/libGLdispatch.so.0.0.0
75781000-7578f000 r--p 00069000 08:05 2919548    /usr/lib/i386-linux-gnu/libGLdispatch.so.0.0.0
7578f000-75790000 rw-p 00077000 08:05 2919548    /usr/lib/i386-linux-gnu/libGLdispatch.so.0.0.0
75790000-75794000 rw-p 00000000 00:00 0 
75794000-757c3000 r--p 00000000 08:05 2919664    /usr/lib/i386-linux-gnu/libGL.so.1.7.0
757c3000-757e3000 r-xp 0002f000 08:05 2919664    /usr/lib/i386-linux-gnu/libGL.so.1.7.0
757e3000-757f8000 r--p 0004f000 08:05 2919664    /usr/lib/i386-linux-gnu/libGL.so.1.7.0
757f8000-757ff000 r--p 00064000 08:05 2919664    /usr/lib/i386-linux-gnu/libGL.so.1.7.0
757ff000-75800000 rw-p 0006b000 08:05 2919664    /usr/lib/i386-linux-gnu/libGL.so.1.7.0
75800000-75820000 rw-p 00000000 00:00 0 
75820000-75900000 ---p 00000000 00:00 0 
75900000-7593b000 rw-p 00000000 00:00 0 
7593b000-75a00000 ---p 00000000 00:00 0 
75a0e000-75a10000 r--p 00000000 08:05 2919662    /usr/lib/i386-linux-gnu/libGLX.so.0.0.0
75a10000-75a3b000 r-xp 00002000 08:05 2919662    /usr/lib/i386-linux-gnu/libGLX.so.0.0.0
75a3b000-75a40000 r--p 0002d000 08:05 2919662    /usr/lib/i386-linux-gnu/libGLX.so.0.0.0
75a40000-75a41000 r--p 00031000 08:05 2919662    /usr/lib/i386-linux-gnu/libGLX.so.0.0.0
75a41000-75a42000 rw-p 00032000 08:05 2919662    /usr/lib/i386-linux-gnu/libGLX.so.0.0.0
75a42000-75a4a000 rw-p 00000000 00:00 0 
75a62000-75a66000 ---p 00000000 00:00 0 
75a66000-75a7c000 rw-p 00000000 00:00 0 
75a7c000-75a80000 ---p 00000000 00:00 0 
75a80000-75acc000 rw-p 00000000 00:00 0 
75acc000-75acd000 ---p 00000000 00:00 0 
75acd000-75bcd000 rw-p 00000000 00:00 0 
75bcd000-79bcd000 rw-s 00000000 00:01 3608       /memfd:pulseaudio (deleted)
79bcd000-7dbcd000 rw-s 00000000 00:01 7          /memfd:pulseaudio (deleted)
7dbcd000-81bcd000 rw-s 00000000 00:01 3607       /memfd:pulseaudio (deleted)
81bcd000-85bcd000 rw-s 00000000 00:01 3607       /memfd:pulseaudio (deleted)
85bcd000-85bce000 ---p 00000000 00:00 0 
85bce000-863ce000 rw-p 00000000 00:00 0 
863ce000-863d1000 r--p 00000000 08:05 2883971    /usr/lib/i386-linux-gnu/libgpg-error.so.0.33.1
863d1000-863e7000 r-xp 00003000 08:05 2883971    /usr/lib/i386-linux-gnu/libgpg-error.so.0.33.1
863e7000-863f6000 r--p 00019000 08:05 2883971    /usr/lib/i386-linux-gnu/libgpg-error.so.0.33.1
863f6000-863f7000 r--p 00027000 08:05 2883971    /usr/lib/i386-linux-gnu/libgpg-error.so.0.33.1
863f7000-863f8000 rw-p 00028000 08:05 2883971    /usr/lib/i386-linux-gnu/libgpg-error.so.0.33.1
863f8000-863fa000 r--p 00000000 08:05 2883987    /usr/lib/i386-linux-gnu/liblz4.so.1.9.4
863fa000-86418000 r-xp 00002000 08:05 2883987    /usr/lib/i386-linux-gnu/liblz4.so.1.9.4
86418000-8641c000 r--p 00020000 08:05 2883987    /usr/lib/i386-linux-gnu/liblz4.so.1.9.4
8641c000-8641d000 r--p 00024000 08:05 2883987    /usr/lib/i386-linux-gnu/liblz4.so.1.9.4
8641d000-8641e000 rw-p 00025000 08:05 2883987    /usr/lib/i386-linux-gnu/liblz4.so.1.9.4
8641e000-86421000 r--p 00000000 08:05 2885783    /usr/lib/i386-linux-gnu/libzstd.so.1.5.4
86421000-864b8000 r-xp 00003000 08:05 2885783    /usr/lib/i386-linux-gnu/libzstd.so.1.5.4
864b8000-864d4000 r--p 0009a000 08:05 2885783    /usr/lib/i386-linux-gnu/libzstd.so.1.5.4
864d4000-864d5000 r--p 000b5000 08:05 2885783    /usr/lib/i386-linux-gnu/libzstd.so.1.5.4
864d5000-864d6000 rw-p 000b6000 08:05 2885783    /usr/lib/i386-linux-gnu/libzstd.so.1.5.4
864d6000-864d9000 r--p 00000000 08:05 2938369    /usr/lib/i386-linux-gnu/liblzma.so.5.4.1
864d9000-864fa000 r-xp 00003000 08:05 2938369    /usr/lib/i386-linux-gnu/liblzma.so.5.4.1
864fa000-8650a000 r--p 00024000 08:05 2938369    /usr/lib/i386-linux-gnu/liblzma.so.5.4.1
8650a000-8650b000 r--p 00034000 08:05 2938369    /usr/lib/i386-linux-gnu/liblzma.so.5.4.1
8650b000-8650c000 rw-p 00035000 08:05 2938369    /usr/lib/i386-linux-gnu/liblzma.so.5.4.1
8650c000-86513000 r--p 00000000 08:05 2883976    /usr/lib/i386-linux-gnu/libgcrypt.so.20.4.1
86513000-865b9000 r-xp 00007000 08:05 2883976    /usr/lib/i386-linux-gnu/libgcrypt.so.20.4.1
865b9000-86610000 r--p 000ad000 08:05 2883976    /usr/lib/i386-linux-gnu/libgcrypt.so.20.4.1
86610000-86613000 r--p 00104000 08:05 2883976    /usr/lib/i386-linux-gnu/libgcrypt.so.20.4.1
86613000-86616000 rw-p 00107000 08:05 2883976    /usr/lib/i386-linux-gnu/libgcrypt.so.20.4.1
86616000-86617000 rw-p 00000000 00:00 0 
86617000-86619000 r--p 00000000 08:05 2884789    /usr/lib/i386-linux-gnu/libcap.so.2.66
86619000-8661f000 r-xp 00002000 08:05 2884789    /usr/lib/i386-linux-gnu/libcap.so.2.66
8661f000-86622000 r--p 00008000 08:05 2884789    /usr/lib/i386-linux-gnu/libcap.so.2.66
86622000-86623000 r--p 0000a000 08:05 2884789    /usr/lib/i386-linux-gnu/libcap.so.2.66
86623000-86624000 rw-p 0000b000 08:05 2884789    /usr/lib/i386-linux-gnu/libcap.so.2.66
86624000-86628000 r--p 00000000 08:05 2906420    /usr/lib/i386-linux-gnu/libmp3lame.so.0.0.0
86628000-86656000 r-xp 00004000 08:05 2906420    /usr/lib/i386-linux-gnu/libmp3lame.so.0.0.0
86656000-8666d000 r--p 00032000 08:05 2906420    /usr/lib/i386-linux-gnu/libmp3lame.so.0.0.0
8666d000-8666e000 r--p 00048000 08:05 2906420    /usr/lib/i386-linux-gnu/libmp3lame.so.0.0.0
8666e000-8666f000 rw-p 00049000 08:05 2906420    /usr/lib/i386-linux-gnu/libmp3lame.so.0.0.0
8666f000-8669c000 rw-p 00000000 00:00 0 
8669c000-866a0000 r--p 00000000 08:05 2906426    /usr/lib/i386-linux-gnu/libmpg123.so.0.47.0
866a0000-866df000 r-xp 00004000 08:05 2906426    /usr/lib/i386-linux-gnu/libmpg123.so.0.47.0
866df000-86700000 r--p 00043000 08:05 2906426    /usr/lib/i386-linux-gnu/libmpg123.so.0.47.0
86700000-86701000 r--p 00063000 08:05 2906426    /usr/lib/i386-linux-gnu/libmpg123.so.0.47.0
86701000-86702000 rw-p 00064000 08:05 2906426    /usr/lib/i386-linux-gnu/libmpg123.so.0.47.0
86702000-86704000 r--p 00000000 08:05 2906408    /usr/lib/i386-linux-gnu/libogg.so.0.8.5
86704000-86707000 r-xp 00002000 08:05 2906408    /usr/lib/i386-linux-gnu/libogg.so.0.8.5
86707000-8670b000 r--p 00005000 08:05 2906408    /usr/lib/i386-linux-gnu/libogg.so.0.8.5
8670b000-8670c000 r--p 00008000 08:05 2906408    /usr/lib/i386-linux-gnu/libogg.so.0.8.5
8670c000-8670d000 rw-p 00009000 08:05 2906408    /usr/lib/i386-linux-gnu/libogg.so.0.8.5
8670d000-8670f000 r--p 00000000 08:05 2906433    /usr/lib/i386-linux-gnu/libopus.so.0.8.0
8670f000-86755000 r-xp 00002000 08:05 2906433    /usr/lib/i386-linux-gnu/libopus.so.0.8.0
86755000-8676c000 r--p 00048000 08:05 2906433    /usr/lib/i386-linux-gnu/libopus.so.0.8.0
8676c000-8676d000 r--p 0005e000 08:05 2906433    /usr/lib/i386-linux-gnu/libopus.so.0.8.0
8676d000-8676e000 rw-p 0005f000 08:05 2906433    /usr/lib/i386-linux-gnu/libopus.so.0.8.0
8676e000-86775000 r--p 00000000 08:05 2906445    /usr/lib/i386-linux-gnu/libvorbisenc.so.2.0.12
86775000-86778000 r-xp 00007000 08:05 2906445    /usr/lib/i386-linux-gnu/libvorbisenc.so.2.0.12
86778000-867e8000 r--p 0000a000 08:05 2906445    /usr/lib/i386-linux-gnu/libvorbisenc.so.2.0.12
867e8000-867e9000 ---p 0007a000 08:05 2906445    /usr/lib/i386-linux-gnu/libvorbisenc.so.2.0.12
867e9000-867fa000 r--p 0007a000 08:05 2906445    /usr/lib/i386-linux-gnu/libvorbisenc.so.2.0.12
867fa000-867fb000 rw-p 0008b000 08:05 2906445    /usr/lib/i386-linux-gnu/libvorbisenc.so.2.0.12
867fb000-867fd000 r--p 00000000 08:05 2906438    /usr/lib/i386-linux-gnu/libvorbis.so.0.4.9
867fd000-86812000 r-xp 00002000 08:05 2906438    /usr/lib/i386-linux-gnu/libvorbis.so.0.4.9
86812000-86825000 r--p 00017000 08:05 2906438    /usr/lib/i386-linux-gnu/libvorbis.so.0.4.9
86825000-86826000 r--p 00029000 08:05 2906438    /usr/lib/i386-linux-gnu/libvorbis.so.0.4.9
86826000-86827000 rw-p 0002a000 08:05 2906438    /usr/lib/i386-linux-gnu/libvorbis.so.0.4.9
86827000-8682e000 r--p 00000000 08:05 2906414    /usr/lib/i386-linux-gnu/libFLAC.so.12.0.0
8682e000-8686e000 r-xp 00007000 08:05 2906414    /usr/lib/i386-linux-gnu/libFLAC.so.12.0.0
8686e000-8687d000 r--p 00047000 08:05 2906414    /usr/lib/i386-linux-gnu/libFLAC.so.12.0.0
8687d000-8687e000 r--p 00056000 08:05 2906414    /usr/lib/i386-linux-gnu/libFLAC.so.12.0.0
8687e000-8687f000 rw-p 00057000 08:05 2906414    /usr/lib/i386-linux-gnu/libFLAC.so.12.0.0
8687f000-86880000 r--p 00000000 08:05 2906401    /usr/lib/i386-linux-gnu/libasyncns.so.0.3.1
86880000-86883000 r-xp 00001000 08:05 2906401    /usr/lib/i386-linux-gnu/libasyncns.so.0.3.1
86883000-86885000 r--p 00004000 08:05 2906401    /usr/lib/i386-linux-gnu/libasyncns.so.0.3.1
86885000-86886000 r--p 00005000 08:05 2906401    /usr/lib/i386-linux-gnu/libasyncns.so.0.3.1
86886000-86887000 rw-p 00006000 08:05 2906401    /usr/lib/i386-linux-gnu/libasyncns.so.0.3.1
86887000-86895000 r--p 00000000 08:05 2897127    /usr/lib/i386-linux-gnu/libsystemd.so.0.35.0
86895000-8691a000 r-xp 0000e000 08:05 2897127    /usr/lib/i386-linux-gnu/libsystemd.so.0.35.0
8691a000-86956000 r--p 00093000 08:05 2897127    /usr/lib/i386-linux-gnu/libsystemd.so.0.35.0
86956000-8695c000 r--p 000cf000 08:05 2897127    /usr/lib/i386-linux-gnu/libsystemd.so.0.35.0
8695c000-8695d000 rw-p 000d5000 08:05 2897127    /usr/lib/i386-linux-gnu/libsystemd.so.0.35.0
8695d000-8695e000 r--p 00000000 08:05 2906457    /usr/lib/i386-linux-gnu/libX11-xcb.so.1.0.0
8695e000-8695f000 r-xp 00001000 08:05 2906457    /usr/lib/i386-linux-gnu/libX11-xcb.so.1.0.0
8695f000-86960000 r--p 00002000 08:05 2906457    /usr/lib/i386-linux-gnu/libX11-xcb.so.1.0.0
86960000-86961000 r--p 00002000 08:05 2906457    /usr/lib/i386-linux-gnu/libX11-xcb.so.1.0.0
86961000-86962000 rw-p 00003000 08:05 2906457    /usr/lib/i386-linux-gnu/libX11-xcb.so.1.0.0
86962000-86967000 r--p 00000000 08:05 2893540    /usr/lib/i386-linux-gnu/libsndfile.so.1.0.35
86967000-869ce000 r-xp 00005000 08:05 2893540    /usr/lib/i386-linux-gnu/libsndfile.so.1.0.35
869ce000-869fd000 r--p 0006c000 08:05 2893540    /usr/lib/i386-linux-gnu/libsndfile.so.1.0.35
869fd000-869ff000 r--p 0009a000 08:05 2893540    /usr/lib/i386-linux-gnu/libsndfile.so.1.0.35
869ff000-86a00000 rw-p 0009c000 08:05 2893540    /usr/lib/i386-linux-gnu/libsndfile.so.1.0.35
86a00000-86a02000 rw-p 00000000 00:00 0 
86a02000-86a0c000 r--p 00000000 08:05 2890504    /usr/lib/i386-linux-gnu/libdbus-1.so.3.32.4
86a0c000-86a3f000 r-xp 0000a000 08:05 2890504    /usr/lib/i386-linux-gnu/libdbus-1.so.3.32.4
86a3f000-86a61000 r--p 0003d000 08:05 2890504    /usr/lib/i386-linux-gnu/libdbus-1.so.3.32.4
86a61000-86a62000 r--p 0005f000 08:05 2890504    /usr/lib/i386-linux-gnu/libdbus-1.so.3.32.4
86a62000-86a63000 rw-p 00060000 08:05 2890504    /usr/lib/i386-linux-gnu/libdbus-1.so.3.32.4
86a63000-86a71000 r--p 00000000 08:05 2906466    /usr/lib/i386-linux-gnu/pulseaudio/libpulsecommon-16.1.so
86a71000-86aba000 r-xp 0000e000 08:05 2906466    /usr/lib/i386-linux-gnu/pulseaudio/libpulsecommon-16.1.so
86aba000-86af1000 r--p 00057000 08:05 2906466    /usr/lib/i386-linux-gnu/pulseaudio/libpulsecommon-16.1.so
86af1000-86af3000 r--p 0008d000 08:05 2906466    /usr/lib/i386-linux-gnu/pulseaudio/libpulsecommon-16.1.so
86af3000-86af4000 rw-p 0008f000 08:05 2906466    /usr/lib/i386-linux-gnu/pulseaudio/libpulsecommon-16.1.so
86af4000-86afd000 r--p 00000000 08:05 2906464    /usr/lib/i386-linux-gnu/libpulse.so.0.24.2
86afd000-86b2e000 r-xp 00009000 08:05 2906464    /usr/lib/i386-linux-gnu/libpulse.so.0.24.2
86b2e000-86b50000 r--p 0003a000 08:05 2906464    /usr/lib/i386-linux-gnu/libpulse.so.0.24.2
86b50000-86b51000 r--p 0005c000 08:05 2906464    /usr/lib/i386-linux-gnu/libpulse.so.0.24.2
86b51000-86b52000 rw-p 0005d000 08:05 2906464    /usr/lib/i386-linux-gnu/libpulse.so.0.24.2
86b52000-86b75000 r--p 00000000 08:05 2899568    /usr/share/locale/pt/LC_MESSAGES/libc.mo
86b75000-86bc3000 r-xp 00000000 08:05 5267091    /tmp/libgdxartur/1c78875b/libopenal.so
86bc3000-86bc5000 r--p 0004d000 08:05 5267091    /tmp/libgdxartur/1c78875b/libopenal.so
86bc5000-86bc6000 rw-p 0004f000 08:05 5267091    /tmp/libgdxartur/1c78875b/libopenal.so
86bc6000-86bc7000 r--p 00000000 08:05 2906558    /usr/lib/i386-linux-gnu/libXfixes.so.3.1.0
86bc7000-86bca000 r-xp 00001000 08:05 2906558    /usr/lib/i386-linux-gnu/libXfixes.so.3.1.0
86bca000-86bcc000 r--p 00004000 08:05 2906558    /usr/lib/i386-linux-gnu/libXfixes.so.3.1.0
86bcc000-86bcd000 r--p 00005000 08:05 2906558    /usr/lib/i386-linux-gnu/libXfixes.so.3.1.0
86bcd000-86bce000 rw-p 00006000 08:05 2906558    /usr/lib/i386-linux-gnu/libXfixes.so.3.1.0
86bce000-86bd3000 r-xp 00000000 08:05 2919639    /usr/lib/i386-linux-gnu/libXxf86vm.so.1.0.0
86bd3000-86bd4000 r--p 00004000 08:05 2919639    /usr/lib/i386-linux-gnu/libXxf86vm.so.1.0.0
86bd4000-86bd5000 rw-p 00005000 08:05 2919639    /usr/lib/i386-linux-gnu/libXxf86vm.so.1.0.0
86bd5000-86bd7000 r--p 00000000 08:05 2918881    /usr/lib/i386-linux-gnu/libXrandr.so.2.2.0
86bd7000-86bde000 r-xp 00002000 08:05 2918881    /usr/lib/i386-linux-gnu/libXrandr.so.2.2.0
86bde000-86be2000 r--p 00009000 08:05 2918881    /usr/lib/i386-linux-gnu/libXrandr.so.2.2.0
86be2000-86be3000 r--p 0000c000 08:05 2918881    /usr/lib/i386-linux-gnu/libXrandr.so.2.2.0
86be3000-86be4000 rw-p 0000d000 08:05 2918881    /usr/lib/i386-linux-gnu/libXrandr.so.2.2.0
86be4000-86be6000 r--p 00000000 08:05 2918873    /usr/lib/i386-linux-gnu/libXcursor.so.1.0.2
86be6000-86bec000 r-xp 00002000 08:05 2918873    /usr/lib/i386-linux-gnu/libXcursor.so.1.0.2
86bec000-86bef000 r--p 00008000 08:05 2918873    /usr/lib/i386-linux-gnu/libXcursor.so.1.0.2
86bef000-86bf0000 r--p 0000a000 08:05 2918873    /usr/lib/i386-linux-gnu/libXcursor.so.1.0.2
86bf0000-86bf1000 rw-p 0000b000 08:05 2918873    /usr/lib/i386-linux-gnu/libXcursor.so.1.0.2
86bf1000-86c50000 r-xp 00000000 08:05 5267090    /tmp/libgdxartur/1c78875b/liblwjgl.so
86c50000-86c51000 ---p 0005f000 08:05 5267090    /tmp/libgdxartur/1c78875b/liblwjgl.so
86c51000-86c52000 r--p 0005f000 08:05 5267090    /tmp/libgdxartur/1c78875b/liblwjgl.so
86c52000-86c53000 rw-p 00060000 08:05 5267090    /tmp/libgdxartur/1c78875b/liblwjgl.so
86c53000-86c55000 r--p 00000000 08:05 2884202    /usr/lib/i386-linux-gnu/libmd.so.0.0.5
86c55000-86c5d000 r-xp 00002000 08:05 2884202    /usr/lib/i386-linux-gnu/libmd.so.0.0.5
86c5d000-86c60000 r--p 0000a000 08:05 2884202    /usr/lib/i386-linux-gnu/libmd.so.0.0.5
86c60000-86c61000 r--p 0000c000 08:05 2884202    /usr/lib/i386-linux-gnu/libmd.so.0.0.5
86c61000-86c62000 rw-p 0000d000 08:05 2884202    /usr/lib/i386-linux-gnu/libmd.so.0.0.5
86c62000-86c65000 r--p 00000000 08:05 2889152    /usr/lib/i386-linux-gnu/libbsd.so.0.11.7
86c65000-86c72000 r-xp 00003000 08:05 2889152    /usr/lib/i386-linux-gnu/libbsd.so.0.11.7
86c72000-86c77000 r--p 00010000 08:05 2889152    /usr/lib/i386-linux-gnu/libbsd.so.0.11.7
86c77000-86c78000 r--p 00014000 08:05 2889152    /usr/lib/i386-linux-gnu/libbsd.so.0.11.7
86c78000-86c79000 rw-p 00015000 08:05 2889152    /usr/lib/i386-linux-gnu/libbsd.so.0.11.7
86c79000-86c7e000 r-xp 00000000 08:05 2903730    /usr/lib/i386-linux-gnu/libXdmcp.so.6.0.0
86c7e000-86c7f000 r--p 00004000 08:05 2903730    /usr/lib/i386-linux-gnu/libXdmcp.so.6.0.0
86c7f000-86c80000 rw-p 00005000 08:05 2903730    /usr/lib/i386-linux-gnu/libXdmcp.so.6.0.0
86c80000-86c8a000 r--p 00000000 08:05 2903736    /usr/lib/i386-linux-gnu/libxcb.so.1.1.0
86c8a000-86ca0000 r-xp 0000a000 08:05 2903736    /usr/lib/i386-linux-gnu/libxcb.so.1.1.0
86ca0000-86cac000 r--p 00020000 08:05 2903736    /usr/lib/i386-linux-gnu/libxcb.so.1.1.0
86cac000-86cad000 r--p 0002b000 08:05 2903736    /usr/lib/i386-linux-gnu/libxcb.so.1.1.0
86cad000-86cae000 rw-p 0002c000 08:05 2903736    /usr/lib/i386-linux-gnu/libxcb.so.1.1.0
86cae000-86cc0000 r--p 00000000 08:05 2904001    /usr/lib/i386-linux-gnu/libX11.so.6.4.0
86cc0000-86d4f000 r-xp 00012000 08:05 2904001    /usr/lib/i386-linux-gnu/libX11.so.6.4.0
86d4f000-86dfc000 r--p 000a1000 08:05 2904001    /usr/lib/i386-linux-gnu/libX11.so.6.4.0
86dfc000-86dfd000 r--p 0014e000 08:05 2904001    /usr/lib/i386-linux-gnu/libX11.so.6.4.0
86dfd000-86e00000 rw-p 0014f000 08:05 2904001    /usr/lib/i386-linux-gnu/libX11.so.6.4.0
86e00000-86e78000 rw-p 00000000 00:00 0 
86e78000-86f00000 ---p 00000000 00:00 0 
86f00000-86f01000 r--p 00000000 08:05 2903724    /usr/lib/i386-linux-gnu/libXau.so.6.0.0
86f01000-86f02000 r-xp 00001000 08:05 2903724    /usr/lib/i386-linux-gnu/libXau.so.6.0.0
86f02000-86f03000 r--p 00002000 08:05 2903724    /usr/lib/i386-linux-gnu/libXau.so.6.0.0
86f03000-86f04000 r--p 00002000 08:05 2903724    /usr/lib/i386-linux-gnu/libXau.so.6.0.0
86f04000-86f05000 rw-p 00003000 08:05 2903724    /usr/lib/i386-linux-gnu/libXau.so.6.0.0
86f05000-86f07000 r--p 00000000 08:05 2918625    /usr/lib/i386-linux-gnu/libXi.so.6.1.0
86f07000-86f13000 r-xp 00002000 08:05 2918625    /usr/lib/i386-linux-gnu/libXi.so.6.1.0
86f13000-86f18000 r--p 0000e000 08:05 2918625    /usr/lib/i386-linux-gnu/libXi.so.6.1.0
86f18000-86f19000 r--p 00012000 08:05 2918625    /usr/lib/i386-linux-gnu/libXi.so.6.1.0
86f19000-86f1a000 rw-p 00013000 08:05 2918625    /usr/lib/i386-linux-gnu/libXi.so.6.1.0
86f1a000-86f1b000 r--p 00000000 08:05 2906522    /usr/lib/i386-linux-gnu/libXtst.so.6.1.0
86f1b000-86f1e000 r-xp 00001000 08:05 2906522    /usr/lib/i386-linux-gnu/libXtst.so.6.1.0
86f1e000-86f20000 r--p 00004000 08:05 2906522    /usr/lib/i386-linux-gnu/libXtst.so.6.1.0
86f20000-86f21000 r--p 00005000 08:05 2906522    /usr/lib/i386-linux-gnu/libXtst.so.6.1.0
86f21000-86f22000 rw-p 00006000 08:05 2906522    /usr/lib/i386-linux-gnu/libXtst.so.6.1.0
86f22000-86f24000 r--p 00000000 08:05 2906620    /usr/lib/i386-linux-gnu/libXrender.so.1.3.0
86f24000-86f2b000 r-xp 00002000 08:05 2906620    /usr/lib/i386-linux-gnu/libXrender.so.1.3.0
86f2b000-86f2e000 r--p 00009000 08:05 2906620    /usr/lib/i386-linux-gnu/libXrender.so.1.3.0
86f2e000-86f2f000 r--p 0000b000 08:05 2906620    /usr/lib/i386-linux-gnu/libXrender.so.1.3.0
86f2f000-86f30000 rw-p 0000c000 08:05 2906620    /usr/lib/i386-linux-gnu/libXrender.so.1.3.0
86f30000-86f33000 r--p 00000000 08:05 2904009    /usr/lib/i386-linux-gnu/libXext.so.6.4.0
86f33000-86f3e000 r-xp 00003000 08:05 2904009    /usr/lib/i386-linux-gnu/libXext.so.6.4.0
86f3e000-86f44000 r--p 0000e000 08:05 2904009    /usr/lib/i386-linux-gnu/libXext.so.6.4.0
86f44000-86f45000 r--p 00013000 08:05 2904009    /usr/lib/i386-linux-gnu/libXext.so.6.4.0
86f45000-86f46000 rw-p 00014000 08:05 2904009    /usr/lib/i386-linux-gnu/libXext.so.6.4.0
86f4d000-86f5e000 r--p 00000000 08:05 2921484    /usr/share/locale/pt_BR/LC_MESSAGES/pulseaudio.mo
86f5e000-86fb8000 r-xp 00000000 08:05 4719255    /usr/lib/jvm/zulu8.92.0.19-ca-jdk8.0.482-linux_i686/jre/lib/i386/libawt_xawt.so
86fb8000-86fb9000 r--p 00059000 08:05 4719255    /usr/lib/jvm/zulu8.92.0.19-ca-jdk8.0.482-linux_i686/jre/lib/i386/libawt_xawt.so
86fb9000-86fbb000 rw-p 0005a000 08:05 4719255    /usr/lib/jvm/zulu8.92.0.19-ca-jdk8.0.482-linux_i686/jre/lib/i386/libawt_xawt.so
86fbb000-86fbc000 rw-p 00000000 00:00 0 
86fbc000-86fc3000 r--s 00000000 08:05 2889420    /usr/lib/i386-linux-gnu/gconv/gconv-modules.cache
86fc3000-87052000 r-xp 00000000 08:05 4719259    /usr/lib/jvm/zulu8.92.0.19-ca-jdk8.0.482-linux_i686/jre/lib/i386/libawt.so
87052000-87053000 r--p 0008e000 08:05 4719259    /usr/lib/jvm/zulu8.92.0.19-ca-jdk8.0.482-linux_i686/jre/lib/i386/libawt.so
87053000-8705a000 rw-p 0008f000 08:05 4719259    /usr/lib/jvm/zulu8.92.0.19-ca-jdk8.0.482-linux_i686/jre/lib/i386/libawt.so
8705a000-8707f000 rw-p 00000000 00:00 0 
8707f000-87082000 r--p 00000000 08:05 2884646    /usr/lib/i386-linux-gnu/libgcc_s.so.1
87082000-8709f000 r-xp 00003000 08:05 2884646    /usr/lib/i386-linux-gnu/libgcc_s.so.1
8709f000-870a4000 r--p 00020000 08:05 2884646    /usr/lib/i386-linux-gnu/libgcc_s.so.1
870a4000-870a5000 r--p 00024000 08:05 2884646    /usr/lib/i386-linux-gnu/libgcc_s.so.1
870a5000-870a6000 rw-p 00025000 08:05 2884646    /usr/lib/i386-linux-gnu/libgcc_s.so.1
870a6000-8711e000 r--p 00000000 08:05 2887014    /usr/lib/i386-linux-gnu/libstdc++.so.6.0.30
8711e000-87235000 r-xp 00078000 08:05 2887014    /usr/lib/i386-linux-gnu/libstdc++.so.6.0.30
87235000-872bc000 r--p 0018f000 08:05 2887014    /usr/lib/i386-linux-gnu/libstdc++.so.6.0.30
872bc000-872c2000 r--p 00215000 08:05 2887014    /usr/lib/i386-linux-gnu/libstdc++.so.6.0.30
872c2000-872c4000 rw-p 0021b000 08:05 2887014    /usr/lib/i386-linux-gnu/libstdc++.so.6.0.30
872c4000-872c6000 rw-p 00000000 00:00 0 
872c6000-872fe000 r-xp 00000000 08:05 5267082    /tmp/libgdxartur/8ef2bd9f/libgdx.so
872fe000-872ff000 r--p 00037000 08:05 5267082    /tmp/libgdxartur/8ef2bd9f/libgdx.so
872ff000-87300000 rw-p 00038000 08:05 5267082    /tmp/libgdxartur/8ef2bd9f/libgdx.so
87300000-873ff000 rw-p 00000000 00:00 0 
873ff000-87400000 ---p 00000000 00:00 0 
87400000-87401000 r-xp 00000000 08:05 4719286    /usr/lib/jvm/zulu8.92.0.19-ca-jdk8.0.482-linux_i686/jre/lib/i386/libjawt.so
87401000-87402000 r--p 00000000 08:05 4719286    /usr/lib/jvm/zulu8.92.0.19-ca-jdk8.0.482-linux_i686/jre/lib/i386/libjawt.so
87402000-87403000 rw-p 00001000 08:05 4719286    /usr/lib/jvm/zulu8.92.0.19-ca-jdk8.0.482-linux_i686/jre/lib/i386/libjawt.so
87403000-87427000 r--p 00000000 08:05 2899569    /usr/share/locale/pt_BR/LC_MESSAGES/libc.mo
87427000-8742d000 r-xp 00000000 08:05 4719254    /usr/lib/jvm/zulu8.92.0.19-ca-jdk8.0.482-linux_i686/jre/lib/i386/libawt_headless.so
8742d000-8742e000 r--p 00005000 08:05 4719254    /usr/lib/jvm/zulu8.92.0.19-ca-jdk8.0.482-linux_i686/jre/lib/i386/libawt_headless.so
8742e000-8742f000 rw-p 00006000 08:05 4719254    /usr/lib/jvm/zulu8.92.0.19-ca-jdk8.0.482-linux_i686/jre/lib/i386/libawt_headless.so
8742f000-87434000 r--s 002fa000 08:05 4719236    /usr/lib/jvm/zulu8.92.0.19-ca-jdk8.0.482-linux_i686/jre/lib/charsets.jar
87434000-87442000 r--s 000f2000 08:05 262547     /home/artur/.gradle/caches/modules-2/files-2.1/org.lwjgl.lwjgl/lwjgl/2.9.2/a9d80fe5935c7a9149f6584d9777cfd471f65489/lwjgl-2.9.2.jar
87442000-87443000 ---p 00000000 00:00 0 
87443000-874c3000 rw-p 00000000 00:00 0 
874c3000-874c7000 ---p 00000000 00:00 0 
874c7000-87513000 rw-p 00000000 00:00 0 
87513000-87514000 ---p 00000000 00:00 0 
87514000-87518000 ---p 00000000 00:00 0 
87518000-87594000 rw-p 00000000 00:00 0 
87594000-87595000 ---p 00000000 00:00 0 
87595000-87599000 ---p 00000000 00:00 0 
87599000-87615000 rw-p 00000000 00:00 0 
87615000-87619000 ---p 00000000 00:00 0 
87619000-87665000 rw-p 00000000 00:00 0 
87665000-878df000 r--p 0006f000 08:05 2895625    /usr/lib/locale/locale-archive
878df000-87adf000 r--p 00000000 08:05 2895625    /usr/lib/locale/locale-archive
87adf000-87ae3000 ---p 00000000 00:00 0 
87ae3000-87b2f000 rw-p 00000000 00:00 0 
87b2f000-87b33000 ---p 00000000 00:00 0 
87b33000-87b7f000 rw-p 00000000 00:00 0 
87b7f000-87b80000 ---p 00000000 00:00 0 
87b80000-87c00000 rw-p 00000000 00:00 0 
87c00000-87d00000 rw-p 00000000 00:00 0 
87d02000-87d03000 r--s 00002000 08:05 262534     /home/artur/.gradle/caches/modules-2/files-2.1/net.java.jinput/jinput-platform/2.0.5/53f9c919f34d2ca9de8c51fc4e1e8282029a9232/jinput-platform-2.0.5-natives-osx.jar
87d03000-87d04000 r--s 00025000 08:05 262533     /home/artur/.gradle/caches/modules-2/files-2.1/net.java.jinput/jinput-platform/2.0.5/385ee093e01f587f30ee1c8a2ee7d408fd732e16/jinput-platform-2.0.5-natives-windows.jar
87d04000-87d08000 r--s 0002f000 08:05 262309     /home/artur/.gradle/caches/modules-2/files-2.1/net.java.jinput/jinput/2.0.5/39c7796b469a600f72380316f6b1f11db6c2c7c4/jinput-2.0.5.jar
87d08000-87d23000 r--s 001b0000 08:05 262543     /home/artur/.gradle/caches/modules-2/files-2.1/com.badlogicgames.gdx/gdx/1.9.4/4b4b7962d1bc75af0438f5c81ec1010557bc9ee5/gdx-1.9.4.jar
87d23000-87ef8000 r--s 03d22000 08:05 4719235    /usr/lib/jvm/zulu8.92.0.19-ca-jdk8.0.482-linux_i686/jre/lib/rt.jar
87ef8000-89400000 rw-p 00000000 00:00 0 
89400000-894ff000 rw-p 00000000 00:00 0 
894ff000-89500000 ---p 00000000 00:00 0 
89500000-89501000 r--s 00002000 08:05 262529     /home/artur/.gradle/caches/modules-2/files-2.1/net.java.jinput/jinput-platform/2.0.5/7ff832a6eb9ab6a767f1ade2b548092d0fa64795/jinput-platform-2.0.5-natives-linux.jar
89501000-89502000 r--s 00001000 08:05 262310     /home/artur/.gradle/caches/modules-2/files-2.1/net.java.jutils/jutils/1.0.0/e12fe1fda814bd348c1579329c86943d2cd3c6a6/jutils-1.0.0.jar
89502000-89503000 r--s 00068000 08:05 262549     /home/artur/.gradle/caches/modules-2/files-2.1/org.lwjgl.lwjgl/lwjgl-platform/2.9.2/d55b46b40b40249d627a83a7f7f22649709d70c3/lwjgl-platform-2.9.2-natives-osx.jar
89503000-89504000 r--s 0008d000 08:05 262548     /home/artur/.gradle/caches/modules-2/files-2.1/org.lwjgl.lwjgl/lwjgl-platform/2.9.2/d276cdf61fe2b516c7b7f4aa1b8dea91dbdc8d56/lwjgl-platform-2.9.2-natives-linux.jar
89504000-89505000 r--s 00095000 08:05 262546     /home/artur/.gradle/caches/modules-2/files-2.1/org.lwjgl.lwjgl/lwjgl-platform/2.9.2/510c7d317f5e9e700b9cfaac5fd38bdebf0702e0/lwjgl-platform-2.9.2-natives-windows.jar
89505000-89507000 r--s 00017000 08:05 262303     /home/artur/.gradle/caches/modules-2/files-2.1/org.jcraft/jorbis/0.0.17/8872d22b293e8f5d7d56ff92be966e6dc28ebdc6/jorbis-0.0.17.jar
89507000-89508000 r--s 00015000 08:05 262302     /home/artur/.gradle/caches/modules-2/files-2.1/com.badlogicgames.jlayer/jlayer/1.0.1-gdx/7cca83cec5c1b2f011362f4d85aabd71a73b049d/jlayer-1.0.1-gdx.jar
89508000-8950c000 r--s 00027000 08:05 262545     /home/artur/.gradle/caches/modules-2/files-2.1/org.lwjgl.lwjgl/lwjgl_util/2.9.2/4b9e37300a87799856e0bd15ed81663cdb6b0947/lwjgl_util-2.9.2.jar
8950c000-89513000 r--s 00049000 08:05 1086715    /home/artur/Downloads/MiniMine/gdx-jogo/libs/gltf-2.2.1.jar
89513000-89530000 r--s 001ce000 08:05 1086711    /home/artur/Downloads/MiniMine/gdx-jogo/libs/gdx-1.11.0.jar
89530000-8957f000 rw-p 00000000 00:00 0 
8957f000-89580000 ---p 00000000 00:00 0 
89580000-89600000 rw-p 00000000 00:00 0 
89600000-89621000 rw-p 00000000 00:00 0 
89621000-89700000 ---p 00000000 00:00 0 
89700000-89702000 r--s 00219000 08:05 262553     /home/artur/.gradle/caches/modules-2/files-2.1/com.badlogicgames.gdx/gdx-freetype-platform/1.9.4/4bced98798c82ba1cb947343bdd6297243ea09e3/gdx-freetype-platform-1.9.4-natives-desktop.jar
89702000-89703000 r--s 000d5000 08:05 262552     /home/artur/.gradle/caches/modules-2/files-2.1/com.badlogicgames.gdx/gdx-platform/1.9.4/8e93afecc287ab152179983fc1b5f65db4c2fa4c/gdx-platform-1.9.4-natives-desktop.jar
89703000-89706000 r--s 00021000 08:05 262544     /home/artur/.gradle/caches/modules-2/files-2.1/com.badlogicgames.gdx/gdx-backend-lwjgl/1.9.4/4c6c108a9dcbc07096de8594b93f9cab33856fe2/gdx-backend-lwjgl-1.9.4.jar
89706000-8976b000 rw-p 00000000 00:00 0 
8976b000-89800000 ---p 00000000 00:00 0 
89800000-8ac00000 rw-p 00000000 00:00 0 
8ac00000-9d580000 ---p 00000000 00:00 0 
9d580000-9df80000 rw-p 00000000 00:00 0 
9df80000-a7400000 ---p 00000000 00:00 0 
a7400000-a7402000 r--s 00008000 08:05 1086713    /home/artur/Downloads/MiniMine/gdx-jogo/libs/gdx-freetype-1.11.0.jar
a7402000-a7403000 r--s 00001000 08:05 1086714    /home/artur/Downloads/MiniMine/gdx-jogo/libs/gdx-jnigen-loader-2.3.1.jar
a7403000-a7406000 r--s 0000f000 08:05 1086712    /home/artur/Downloads/MiniMine/gdx-jogo/libs/gdx-box2d-1.11.0.jar
a7406000-a740f000 r--s 0004e000 08:05 1086716    /home/artur/Downloads/MiniMine/gdx-jogo/libs/luaj-jse-3.0.1.jar
a740f000-a7413000 r--s 0002e000 08:05 1197614    /home/artur/Downloads/MiniMine/gdx-jogo/build/libs/gdx-jogo.jar
a7413000-a742a000 r-xp 00000000 08:05 4719275    /usr/lib/jvm/zulu8.92.0.19-ca-jdk8.0.482-linux_i686/jre/lib/i386/libnet.so
a742a000-a742b000 r--p 00016000 08:05 4719275    /usr/lib/jvm/zulu8.92.0.19-ca-jdk8.0.482-linux_i686/jre/lib/i386/libnet.so
a742b000-a742c000 rw-p 00017000 08:05 4719275    /usr/lib/jvm/zulu8.92.0.19-ca-jdk8.0.482-linux_i686/jre/lib/i386/libnet.so
a742c000-a743c000 r-xp 00000000 08:05 4719284    /usr/lib/jvm/zulu8.92.0.19-ca-jdk8.0.482-linux_i686/jre/lib/i386/libnio.so
a743c000-a743d000 ---p 00010000 08:05 4719284    /usr/lib/jvm/zulu8.92.0.19-ca-jdk8.0.482-linux_i686/jre/lib/i386/libnio.so
a743d000-a743e000 r--p 00010000 08:05 4719284    /usr/lib/jvm/zulu8.92.0.19-ca-jdk8.0.482-linux_i686/jre/lib/i386/libnio.so
a743e000-a743f000 rw-p 00011000 08:05 4719284    /usr/lib/jvm/zulu8.92.0.19-ca-jdk8.0.482-linux_i686/jre/lib/i386/libnio.so
a743f000-a7445000 r--s 000d4000 08:05 4719231    /usr/lib/jvm/zulu8.92.0.19-ca-jdk8.0.482-linux_i686/jre/lib/jfr.jar
a7445000-a745b000 rw-p 00000000 00:00 0 
a745b000-a74ef000 ---p 00000000 00:00 0 
a74ef000-a74f5000 rw-p 00000000 00:00 0 
a74f5000-a753f000 ---p 00000000 00:00 0 
a753f000-a7549000 rw-p 00000000 00:00 0 
a7549000-a7900000 ---p 00000000 00:00 0 
a7900000-a7b40000 rwxp 00000000 00:00 0 
a7b40000-b6900000 ---p 00000000 00:00 0 
b6900000-b69fd000 rw-p 00000000 00:00 0 
b69fd000-b6a00000 ---p 00000000 00:00 0 
b6a00000-b6a01000 ---p 00000000 00:00 0 
b6a01000-b6a81000 rw-p 00000000 00:00 0 
b6a81000-b6a9d000 r-xp 00000000 08:05 4719256    /usr/lib/jvm/zulu8.92.0.19-ca-jdk8.0.482-linux_i686/jre/lib/i386/libzip.so
b6a9d000-b6a9e000 r--p 0001b000 08:05 4719256    /usr/lib/jvm/zulu8.92.0.19-ca-jdk8.0.482-linux_i686/jre/lib/i386/libzip.so
b6a9e000-b6a9f000 rw-p 0001c000 08:05 4719256    /usr/lib/jvm/zulu8.92.0.19-ca-jdk8.0.482-linux_i686/jre/lib/i386/libzip.so
b6a9f000-b6ac5000 r-xp 00000000 08:05 4719266    /usr/lib/jvm/zulu8.92.0.19-ca-jdk8.0.482-linux_i686/jre/lib/i386/libjava.so
b6ac5000-b6ac6000 r--p 00025000 08:05 4719266    /usr/lib/jvm/zulu8.92.0.19-ca-jdk8.0.482-linux_i686/jre/lib/i386/libjava.so
b6ac6000-b6ac7000 rw-p 00026000 08:05 4719266    /usr/lib/jvm/zulu8.92.0.19-ca-jdk8.0.482-linux_i686/jre/lib/i386/libjava.so
b6ac7000-b6ac8000 r--p 00000000 08:05 2886141    /usr/lib/i386-linux-gnu/librt.so.1
b6ac8000-b6ac9000 r-xp 00001000 08:05 2886141    /usr/lib/i386-linux-gnu/librt.so.1
b6ac9000-b6aca000 r--p 00002000 08:05 2886141    /usr/lib/i386-linux-gnu/librt.so.1
b6aca000-b6acb000 r--p 00002000 08:05 2886141    /usr/lib/i386-linux-gnu/librt.so.1
b6acb000-b6acc000 rw-p 00003000 08:05 2886141    /usr/lib/i386-linux-gnu/librt.so.1
b6acc000-b6acd000 ---p 00000000 00:00 0 
b6acd000-b6ad1000 ---p 00000000 00:00 0 
b6ad1000-b6b1d000 rw-p 00000000 00:00 0 
b6b1d000-b6b2a000 r--p 00000000 08:05 2886128    /usr/lib/i386-linux-gnu/libm.so.6
b6b2a000-b6bea000 r-xp 0000d000 08:05 2886128    /usr/lib/i386-linux-gnu/libm.so.6
b6bea000-b6c20000 r--p 000cd000 08:05 2886128    /usr/lib/i386-linux-gnu/libm.so.6
b6c20000-b6c21000 r--p 00103000 08:05 2886128    /usr/lib/i386-linux-gnu/libm.so.6
b6c21000-b6c22000 rw-p 00104000 08:05 2886128    /usr/lib/i386-linux-gnu/libm.so.6
b6c22000-b7811000 r-xp 00000000 08:05 4719252    /usr/lib/jvm/zulu8.92.0.19-ca-jdk8.0.482-linux_i686/jre/lib/i386/server/libjvm.so
b7811000-b7863000 r--p 00bee000 08:05 4719252    /usr/lib/jvm/zulu8.92.0.19-ca-jdk8.0.482-linux_i686/jre/lib/i386/server/libjvm.so
b7863000-b787b000 rw-p 00c40000 08:05 4719252    /usr/lib/jvm/zulu8.92.0.19-ca-jdk8.0.482-linux_i686/jre/lib/i386/server/libjvm.so
b787b000-b7ca3000 rw-p 00000000 00:00 0 
b7ca3000-b7cc5000 r--p 00000000 08:05 2886122    /usr/lib/i386-linux-gnu/libc.so.6
b7cc5000-b7e3e000 r-xp 00022000 08:05 2886122    /usr/lib/i386-linux-gnu/libc.so.6
b7e3e000-b7ebe000 r--p 0019b000 08:05 2886122    /usr/lib/i386-linux-gnu/libc.so.6
b7ebe000-b7ec0000 r--p 0021b000 08:05 2886122    /usr/lib/i386-linux-gnu/libc.so.6
b7ec0000-b7ec1000 rw-p 0021d000 08:05 2886122    /usr/lib/i386-linux-gnu/libc.so.6
b7ec1000-b7ecb000 rw-p 00000000 00:00 0 
b7ecb000-b7ecc000 r--p 00000000 08:05 2886127    /usr/lib/i386-linux-gnu/libdl.so.2
b7ecc000-b7ecd000 r-xp 00001000 08:05 2886127    /usr/lib/i386-linux-gnu/libdl.so.2
b7ecd000-b7ece000 r--p 00002000 08:05 2886127    /usr/lib/i386-linux-gnu/libdl.so.2
b7ece000-b7ecf000 r--p 00002000 08:05 2886127    /usr/lib/i386-linux-gnu/libdl.so.2
b7ecf000-b7ed0000 rw-p 00003000 08:05 2886127    /usr/lib/i386-linux-gnu/libdl.so.2
b7ed0000-b7ee7000 r-xp 00000000 08:05 4719298    /usr/lib/jvm/zulu8.92.0.19-ca-jdk8.0.482-linux_i686/lib/i386/jli/libjli.so
b7ee7000-b7ee8000 ---p 00017000 08:05 4719298    /usr/lib/jvm/zulu8.92.0.19-ca-jdk8.0.482-linux_i686/lib/i386/jli/libjli.so
b7ee8000-b7ee9000 r--p 00017000 08:05 4719298    /usr/lib/jvm/zulu8.92.0.19-ca-jdk8.0.482-linux_i686/lib/i386/jli/libjli.so
b7ee9000-b7eea000 rw-p 00018000 08:05 4719298    /usr/lib/jvm/zulu8.92.0.19-ca-jdk8.0.482-linux_i686/lib/i386/jli/libjli.so
b7eea000-b7eeb000 r--p 00000000 08:05 2886139    /usr/lib/i386-linux-gnu/libpthread.so.0
b7eeb000-b7eec000 r-xp 00001000 08:05 2886139    /usr/lib/i386-linux-gnu/libpthread.so.0
b7eec000-b7eed000 r--p 00002000 08:05 2886139    /usr/lib/i386-linux-gnu/libpthread.so.0
b7eed000-b7eee000 r--p 00002000 08:05 2886139    /usr/lib/i386-linux-gnu/libpthread.so.0
b7eee000-b7eef000 rw-p 00003000 08:05 2886139    /usr/lib/i386-linux-gnu/libpthread.so.0
b7eef000-b7ef7000 rw-s 00000000 08:05 5267079    /tmp/hsperfdata_artur/9102 (deleted)
b7ef7000-b7ef8000 rw-p 00000000 00:00 0 
b7ef8000-b7ef9000 ---p 00000000 00:00 0 
b7ef9000-b7f04000 r-xp 00000000 08:05 4719279    /usr/lib/jvm/zulu8.92.0.19-ca-jdk8.0.482-linux_i686/jre/lib/i386/libverify.so
b7f04000-b7f05000 ---p 0000b000 08:05 4719279    /usr/lib/jvm/zulu8.92.0.19-ca-jdk8.0.482-linux_i686/jre/lib/i386/libverify.so
b7f05000-b7f06000 r--p 0000b000 08:05 4719279    /usr/lib/jvm/zulu8.92.0.19-ca-jdk8.0.482-linux_i686/jre/lib/i386/libverify.so
b7f06000-b7f07000 rw-p 0000c000 08:05 4719279    /usr/lib/jvm/zulu8.92.0.19-ca-jdk8.0.482-linux_i686/jre/lib/i386/libverify.so
b7f07000-b7f09000 rw-p 00000000 00:00 0 
b7f09000-b7f0d000 r--p 00000000 00:00 0          [vvar]
b7f0d000-b7f0f000 r-xp 00000000 00:00 0          [vdso]
b7f0f000-b7f10000 r--p 00000000 08:05 2886115    /usr/lib/i386-linux-gnu/ld-linux.so.2
b7f10000-b7f33000 r-xp 00001000 08:05 2886115    /usr/lib/i386-linux-gnu/ld-linux.so.2
b7f33000-b7f41000 r--p 00024000 08:05 2886115    /usr/lib/i386-linux-gnu/ld-linux.so.2
b7f41000-b7f43000 r--p 00031000 08:05 2886115    /usr/lib/i386-linux-gnu/ld-linux.so.2
b7f43000-b7f44000 rw-p 00033000 08:05 2886115    /usr/lib/i386-linux-gnu/ld-linux.so.2
bf9ea000-bf9eb000 rwxp 00000000 00:00 0 
bfb1d000-bfb3f000 rw-p 00000000 00:00 0          [stack]

VM Arguments:
jvm_args: -Dfile.encoding=UTF-8 -Duser.country=BR -Duser.language=pt -Duser.variant 
java_command: com.minimine.Iniciador
java_class_path (initial): /home/artur/Downloads/MiniMine/gdx-pc/build/classes/java/main:/home/artur/Downloads/MiniMine/gdx-pc/build/resources/main:/home/artur/Downloads/MiniMine/gdx-jogo/build/libs/gdx-jogo.jar:/home/artur/Downloads/MiniMine/gdx-jogo/libs/luaj-jse-3.0.1.jar:/home/artur/Downloads/MiniMine/gdx-jogo/libs/gdx-box2d-1.11.0.jar:/home/artur/Downloads/MiniMine/gdx-jogo/libs/gdx-1.11.0.jar:/home/artur/Downloads/MiniMine/gdx-jogo/libs/gdx-jnigen-loader-2.3.1.jar:/home/artur/Downloads/MiniMine/gdx-jogo/libs/gltf-2.2.1.jar:/home/artur/Downloads/MiniMine/gdx-jogo/libs/gdx-freetype-1.11.0.jar:/home/artur/.gradle/caches/modules-2/files-2.1/com.badlogicgames.gdx/gdx-backend-lwjgl/1.9.4/4c6c108a9dcbc07096de8594b93f9cab33856fe2/gdx-backend-lwjgl-1.9.4.jar:/home/artur/.gradle/caches/modules-2/files-2.1/com.badlogicgames.gdx/gdx/1.9.4/4b4b7962d1bc75af0438f5c81ec1010557bc9ee5/gdx-1.9.4.jar:/home/artur/.gradle/caches/modules-2/files-2.1/com.badlogicgames.gdx/gdx-platform/1.9.4/8e93afecc287ab152179983fc1b5f65db4c2fa4c/gdx-platform-1.9.4-natives-desktop.jar:/home/artur/.gradle/caches/modules-2/files-2.1/com.badlogicgames.gdx/gdx-freetype-platform/1.9.4/4bced98798c82ba1cb947343bdd6297243ea09e3/gdx-freetype-platform-1.9.4-natives-desktop.jar:/home/artur/.gradle/caches/modules-2/files-2.1/org.lwjgl.lwjgl/lwjgl_util/2.9.2/4b9e37300a87799856e0bd15ed81663cdb6b0947/lwjgl_util-2.9.2.jar:/home/artur/.gradle/caches/modules-2/files-2.1/org.lwjgl.lwjgl/lwjgl/2.9.2/a9d80fe5935c7a9149f6584d9777cfd471f65489/lwjgl-2.9.2.jar:/home/artur/.gradle/caches/modules-2/files-2.1/com.badlogicgames.jlayer/jlayer/1.0.1-gdx/7cca83cec5c1b2f011362f4d85aabd71a73b049d/jlayer-1.0.1-gdx.jar:/home/artur/.gradle/caches/modules-2/files-2.1/org.jcraft/jorbis/0.0.17/8872d22b293e8f5d7d56ff92be966e6dc28ebdc6/jorbis-0.0.17.jar:/home/artur/.gradle/caches/modules-2/files-2.1/org.lwjgl.lwjgl/lwjgl-platform/2.9.2/510c7d317f5e9e700b9cfaac5fd38bdebf0702e0/lwjgl-platform-2.9.2-natives-windows.jar:/home/artur/.gradle/ca
Launcher Type: SUN_STANDARD

Environment Variables:
JAVA_HOME=/usr/lib/jvm/zulu8.92.0.19-ca-jdk8.0.482-linux_i686
PATH=/usr/lib/jvm/zulu8.92.0.19-ca-jdk8.0.482-linux_i686/bin:/home/artur/.cargo/bin:/usr/local/bin:/usr/bin:/bin:/usr/games:/home/artur/.local/bin:/opt/gradle/gradle-8.13/bin
SHELL=/usr/bin/zsh

Signal Handlers:
SIGSEGV: [libjvm.so+0x998ed0], sa_mask[0]=11111111011111111101111111111110, sa_flags=SA_RESTART|SA_SIGINFO
SIGBUS: [libjvm.so+0x998ed0], sa_mask[0]=11111111011111111101111111111110, sa_flags=SA_RESTART|SA_SIGINFO
SIGFPE: [libjvm.so+0x7e9190], sa_mask[0]=11111111011111111101111111111110, sa_flags=SA_RESTART|SA_SIGINFO
SIGPIPE: [libjvm.so+0x7e9190], sa_mask[0]=11111111011111111101111111111110, sa_flags=SA_RESTART|SA_SIGINFO
SIGXFSZ: [libjvm.so+0x7e9190], sa_mask[0]=11111111011111111101111111111110, sa_flags=SA_RESTART|SA_SIGINFO
SIGILL: [libjvm.so+0x7e9190], sa_mask[0]=11111111011111111101111111111110, sa_flags=SA_RESTART|SA_SIGINFO
SIGUSR1: SIG_DFL, sa_mask[0]=00000000000000000000000000000000, sa_flags=none
SIGUSR2: [libjvm.so+0x7e8ff0], sa_mask[0]=00100000000000000000000000000000, sa_flags=SA_RESTART|SA_SIGINFO
SIGHUP: [libjvm.so+0x7e9420], sa_mask[0]=11111111011111111101111111111110, sa_flags=SA_RESTART|SA_SIGINFO
SIGINT: [libjvm.so+0x7e9420], sa_mask[0]=11111111011111111101111111111110, sa_flags=SA_RESTART|SA_SIGINFO
SIGTERM: [libjvm.so+0x7e9420], sa_mask[0]=11111111011111111101111111111110, sa_flags=SA_RESTART|SA_SIGINFO
SIGQUIT: [libjvm.so+0x7e9420], sa_mask[0]=11111111011111111101111111111110, sa_flags=SA_RESTART|SA_SIGINFO


---------------  S Y S T E M  ---------------

OS:PRETTY_NAME="Debian GNU/Linux 12 (bookworm)"
NAME="Debian GNU/Linux"
VERSION_ID="12"
VERSION="12 (bookworm)"
VERSION_CODENAME=bookworm
ID=debian
HOME_URL="https://www.debian.org/"
SUPPORT_URL="https://www.debian.org/support"
BUG_REPORT_URL="https://bugs.debian.org/"

uname:Linux 6.1.0-41-686-pae #1 SMP PREEMPT_DYNAMIC Debian 6.1.158-1 (2025-11-09) i686
libc:glibc 2.36 NPTL 2.36 
rlimit: STACK 8192k, CORE 0k, NPROC 14622, NOFILE 1048576, AS infinity
load average:0,40 0,25 0,20

/proc/meminfo:
MemTotal:        1944512 kB
MemFree:          133300 kB
MemAvailable:     647704 kB
Buffers:          132348 kB
Cached:           571748 kB
SwapCached:        15724 kB
Active:           555236 kB
Inactive:        1101756 kB
Active(anon):     254532 kB
Inactive(anon):   722800 kB
Active(file):     300704 kB
Inactive(file):   378956 kB
Unevictable:       15500 kB
Mlocked:            7964 kB
HighTotal:       1081892 kB
HighFree:          13616 kB
LowTotal:         862620 kB
LowFree:          119684 kB
SwapTotal:       3905532 kB
SwapFree:        3786464 kB
Zswap:                 0 kB
Zswapped:              0 kB
Dirty:              5356 kB
Writeback:             0 kB
AnonPages:        958668 kB
Mapped:            91908 kB
Shmem:             17752 kB
KReclaimable:      50132 kB
Slab:              71736 kB
SReclaimable:      50132 kB
SUnreclaim:        21604 kB
KernelStack:        2112 kB
PageTables:         6892 kB
SecPageTables:         0 kB
NFS_Unstable:          0 kB
Bounce:                0 kB
WritebackTmp:          0 kB
CommitLimit:     4877788 kB
Committed_AS:    1916040 kB
VmallocTotal:     122880 kB
VmallocUsed:       10524 kB
VmallocChunk:          0 kB
Percpu:              528 kB
HardwareCorrupted:     0 kB
AnonHugePages:    661504 kB
ShmemHugePages:        0 kB
ShmemPmdMapped:        0 kB
FileHugePages:         0 kB
FilePmdMapped:         0 kB
HugePages_Total:       0
HugePages_Free:        0
HugePages_Rsvd:        0
HugePages_Surp:        0
Hugepagesize:       2048 kB
Hugetlb:               0 kB
DirectMap4k:       12280 kB
DirectMap2M:      886784 kB

container (cgroup) information:
container_type: cgroupv2
cpu_cpuset_cpus: failed
cpu_memory_nodes: failed
active_processor_count: 2
cpu_quota: -1
cpu_period: 100000
cpu_shares: -1
memory_limit_in_bytes: -1
memory_and_swap_limit_in_bytes: -1
memory_soft_limit_in_bytes: 0
memory_usage_in_bytes: 804716544
memory_max_usage_in_bytes: -2


CPU:total 2 (initial active 2) (2 cores per cpu, 1 threads per core) family 6 model 55 stepping 8, cmov, cx8, fxsr, mmx, sse, sse2, sse3, ssse3, sse4.1, sse4.2, popcnt, clmul, erms, 3dnowpref, tsc, tscinvbit

/proc/cpuinfo:
processor	: 0
vendor_id	: GenuineIntel
cpu family	: 6
model		: 55
model name	: Intel(R) Celeron(R) CPU  J1800  @ 2.41GHz
stepping	: 8
microcode	: 0x838
cpu MHz		: 2416.659
cache size	: 1024 KB
physical id	: 0
siblings	: 2
core id		: 0
cpu cores	: 2
apicid		: 0
initial apicid	: 0
fdiv_bug	: no
f00f_bug	: no
coma_bug	: no
fpu		: yes
fpu_exception	: yes
cpuid level	: 11
wp		: yes
flags		: fpu vme de pse tsc msr pae mce cx8 apic sep mtrr pge mca cmov pat pse36 clflush dts acpi mmx fxsr sse sse2 ss ht tm pbe nx rdtscp lm constant_tsc arch_perfmon pebs bts xtopology tsc_reliable nonstop_tsc cpuid aperfmperf tsc_known_freq pni pclmulqdq dtes64 monitor ds_cpl vmx est tm2 ssse3 cx16 xtpr pdcm sse4_1 sse4_2 movbe popcnt tsc_deadline_timer rdrand lahf_lm 3dnowprefetch epb pti ibrs ibpb stibp tpr_shadow vnmi flexpriority ept vpid tsc_adjust smep erms dtherm arat md_clear
vmx flags	: vnmi preemption_timer invvpid ept_x_only flexpriority tsc_offset vtpr mtf vapic ept vpid unrestricted_guest
bugs		: cpu_meltdown spectre_v1 spectre_v2 mds msbds_only mmio_unknown
bogomips	: 4833.33
clflush size	: 64
cache_alignment	: 64
address sizes	: 36 bits physical, 48 bits virtual
power management:

processor	: 1
vendor_id	: GenuineIntel
cpu family	: 6
model		: 55
model name	: Intel(R) Celeron(R) CPU  J1800  @ 2.41GHz
stepping	: 8
microcode	: 0x838
cpu MHz		: 2417.575
cache size	: 1024 KB
physical id	: 0
siblings	: 2
core id		: 1
cpu cores	: 2
apicid		: 2
initial apicid	: 2
fdiv_bug	: no
f00f_bug	: no
coma_bug	: no
fpu		: yes
fpu_exception	: yes
cpuid level	: 11
wp		: yes
flags		: fpu vme de pse tsc msr pae mce cx8 apic sep mtrr pge mca cmov pat pse36 clflush dts acpi mmx fxsr sse sse2 ss ht tm pbe nx rdtscp lm constant_tsc arch_perfmon pebs bts xtopology tsc_reliable nonstop_tsc cpuid aperfmperf tsc_known_freq pni pclmulqdq dtes64 monitor ds_cpl vmx est tm2 ssse3 cx16 xtpr pdcm sse4_1 sse4_2 movbe popcnt tsc_deadline_timer rdrand lahf_lm 3dnowprefetch epb pti ibrs ibpb stibp tpr_shadow vnmi flexpriority ept vpid tsc_adjust smep erms dtherm arat md_clear
vmx flags	: vnmi preemption_timer invvpid ept_x_only flexpriority tsc_offset vtpr mtf vapic ept vpid unrestricted_guest
bugs		: cpu_meltdown spectre_v1 spectre_v2 mds msbds_only mmio_unknown
bogomips	: 4833.33
clflush size	: 64
cache_alignment	: 64
address sizes	: 36 bits physical, 48 bits virtual
power management:



Memory: 4k page, physical 1944512k(133300k free), swap 3905532k(3786464k free)

vm_info: OpenJDK Server VM (25.482-b08) for linux-x86 JRE (Zulu 8.92.0.19-CA-linux32) (1.8.0_482-b08), built on Jan 15 2026 10:27:11 by "zulu_re" with gcc 4.9.2

time: Sat Jan 31 22:57:10 2026
timezone: -03
elapsed time: 3.297973 seconds (0d 0h 0m 3s)

