#
# A fatal error has been detected by the Java Runtime Environment:
#
#  SIGSEGV (0xb) at pc=0x00000000, pid=9250, tid=0x75c41b40
#
# JRE version: OpenJDK Runtime Environment (Zulu 8.92.0.19-CA-linux32) (8.0_482-b08) (build 1.8.0_482-b08)
# Java VM: OpenJDK Server VM (25.482-b08 mixed mode linux-x86 )
# Problematic frame:
# C  0x00000000
#
# Failed to write core dump. Core dumps have been disabled. To enable core dumping, try "ulimit -c unlimited" before starting Java again
#
# If you would like to submit a bug report, please visit:
#   http://www.azul.com/support/
#

---------------  T H R E A D  ---------------

Current thread is native thread

siginfo: si_signo: 11 (SIGSEGV), si_code: 1 (SEGV_MAPERR), si_addr: 0x00000000

Registers:
EAX=0x86c35450, EBX=0x86c34ff4, ECX=0x00000000, EDX=0x873e3b00
ESP=0x75c4123c, EBP=0x00012000, ESI=0x00000400, EDI=0x873ce9a0
EIP=0x00000000, EFLAGS=0x00010246, CR2=0x00000000

Top of Stack: (sp=0x75c4123c)
0x75c4123c:   86c02348 873ce9a0 00000000 00001000
0x75c4124c:   b7df4782 00000000 75c41284 00000000
0x75c4125c:   873c8e20 81c92000 00002000 873c7320
0x75c4126c:   86afd115 873c7490 86b623f4 873c7320
0x75c4127c:   86b08a1f bb800000 86b087e6 86b623f4
0x75c4128c:   86b09fda 873c7320 00000000 00002000
0x75c4129c:   86b09ff7 75c41310 75c41310 00000000
0x75c412ac:   b7dfa4a9 873c692c 00000000 86b09f09 

Instructions: (pc=0x00000000)
0xffffffe0:   

Register to memory mapping:

EAX=0x86c35450: <offset 0x50450> in /tmp/libgdxartur/1c78875b/libopenal.so at 0x86be5000
EBX=0x86c34ff4: <offset 0x4fff4> in /tmp/libgdxartur/1c78875b/libopenal.so at 0x86be5000
ECX=0x00000000 is an unknown value
EDX=0x873e3b00 is an unknown value
ESP=0x75c4123c is an unknown value
EBP=0x00012000 is an unknown value
ESI=0x00000400 is an unknown value
EDI=0x873ce9a0 is an unknown value


Stack: [0x75b42000,0x75c42000],  sp=0x75c4123c,  free space=1020k

---------------  P R O C E S S  ---------------

VM state:at safepoint (shutting down)

VM Mutex/Monitor currently owned by a thread:  ([mutex/lock_event])
[0xb6a087b0] Threads_lock - owner thread: 0x87c10c00

Heap:
 PSYoungGen      total 8960K, used 1430K [0x9d780000, 0x9e180000, 0xa7600000)
  eden space 7680K, 2% used [0x9d780000,0x9d7a8d98,0x9df00000)
  from space 1280K, 99% used [0x9df00000,0x9e03ccf8,0x9e040000)
  to   space 1280K, 0% used [0x9e040000,0x9e040000,0x9e180000)
 ParOldGen       total 20480K, used 327K [0x89a00000, 0x8ae00000, 0x9d780000)
  object space 20480K, 1% used [0x89a00000,0x89a51cb0,0x8ae00000)
 Metaspace       used 4301K, capacity 4468K, committed 4528K, reserved 5424K

Card table byte_map: [0x89911000,0x89a00000] byte_map_base: 0x894c4000

Marking Bits: (ParMarkBitMap*) 0xb79039c0
 Begin Bits: [0x88520000, 0x88c90000)
 End Bits:   [0x88c90000, 0x89400000)

Polling page: 0xb7f70000

CodeCache: size=245760Kb used=1455Kb max_used=1455Kb free=244304Kb
 bounds [0xa79e2000, 0xa7c22000, 0xb69e2000]
 total_blobs=611 nmethods=404 adapters=121
 compilation: enabled

Compilation events (10 events):
Event: 1,471 Thread 0x87c39000  400       1       java.nio.Buffer::position (5 bytes)
Event: 1,471 Thread 0x87c39000 nmethod 400 0xa7b47348 code [0xa7b47440, 0xa7b474e0]
Event: 1,483 Thread 0x87c37000  401       4       java.lang.StringBuilder::append (8 bytes)
Event: 1,484 Thread 0x87c39000  403   !   3       java.lang.ref.Reference::tryHandlePending (115 bytes)
Event: 1,485 Thread 0x87c39000 nmethod 403 0xa7b4c2c8 code [0xa7b4c4e0, 0xa7b4cef4]
Event: 1,485 Thread 0x87c39000  406       3       sun.misc.VM::addFinalRefCount (24 bytes)
Event: 1,486 Thread 0x87c39000 nmethod 406 0xa7b4d3c8 code [0xa7b4d4e0, 0xa7b4d5e0]
Event: 1,486 Thread 0x87c39000  405   !   3       java.lang.ref.ReferenceQueue::enqueue (119 bytes)
Event: 1,487 Thread 0x87c39000 nmethod 405 0xa7b4d648 code [0xa7b4d7c0, 0xa7b4dd6c]
Event: 1,487 Thread 0x87c39000  407       3       java.lang.ref.ReferenceQueue::reallyPoll (65 bytes)

GC Heap History (2 events):
Event: 1,472 GC heap before
{Heap before GC invocations=1 (full 0):
 PSYoungGen      total 8960K, used 7680K [0x9d780000, 0x9e180000, 0xa7600000)
  eden space 7680K, 100% used [0x9d780000,0x9df00000,0x9df00000)
  from space 1280K, 0% used [0x9e040000,0x9e040000,0x9e180000)
  to   space 1280K, 0% used [0x9df00000,0x9df00000,0x9e040000)
 ParOldGen       total 20480K, used 0K [0x89a00000, 0x8ae00000, 0x9d780000)
  object space 20480K, 0% used [0x89a00000,0x89a00000,0x8ae00000)
 Metaspace       used 4295K, capacity 4468K, committed 4528K, reserved 5424K
Event: 1,482 GC heap after
Heap after GC invocations=1 (full 0):
 PSYoungGen      total 8960K, used 1267K [0x9d780000, 0x9e180000, 0xa7600000)
  eden space 7680K, 0% used [0x9d780000,0x9d780000,0x9df00000)
  from space 1280K, 99% used [0x9df00000,0x9e03ccf8,0x9e040000)
  to   space 1280K, 0% used [0x9e040000,0x9e040000,0x9e180000)
 ParOldGen       total 20480K, used 327K [0x89a00000, 0x8ae00000, 0x9d780000)
  object space 20480K, 1% used [0x89a00000,0x89a51cb0,0x8ae00000)
 Metaspace       used 4295K, capacity 4468K, committed 4528K, reserved 5424K
}

Deoptimization events (2 events):
Event: 0,891 Thread 0xb6a09c00 Uncommon trap: reason=loop_limit_check action=maybe_recompile pc=0xa7ae12c8 method=java.lang.String.indexOf([CII[CIII)I @ 79
Event: 1,424 Thread 0x75a52000 Uncommon trap: reason=unstable_if action=reinterpret pc=0xa7b0f324 method=java.lang.String.replace(CC)Ljava/lang/String; @ 26

Classes redefined (0 events):
No events

Internal exceptions (10 events):
Event: 0,960 Thread 0xb6a09c00 Exception <a 'java/security/PrivilegedActionException'> (0x9dc93b98) thrown at [/home/zulu_re/workspace/Zulu/zulu-platform-build/74653/zulu-src.git/hotspot/src/share/vm/prims/jvm.cpp, line 1514]
Event: 0,961 Thread 0xb6a09c00 Exception <a 'org/lwjgl/LWJGLException': Could not load OpenAL library> (0x9dc94e68) thrown at [/home/zulu_re/workspace/Zulu/zulu-platform-build/74653/zulu-src.git/hotspot/src/share/vm/prims/jni.cpp, line 739]
Event: 0,961 Thread 0xb6a09c00 Exception <a 'org/lwjgl/LWJGLException': Could not load OpenAL library> (0x9dc95440) thrown at [/home/zulu_re/workspace/Zulu/zulu-platform-build/74653/zulu-src.git/hotspot/src/share/vm/prims/jni.cpp, line 739]
Event: 0,961 Thread 0xb6a09c00 Exception <a 'org/lwjgl/LWJGLException': Could not load OpenAL library> (0x9dc95988) thrown at [/home/zulu_re/workspace/Zulu/zulu-platform-build/74653/zulu-src.git/hotspot/src/share/vm/prims/jni.cpp, line 739]
Event: 0,961 Thread 0xb6a09c00 Exception <a 'org/lwjgl/LWJGLException': Could not load OpenAL library> (0x9dc95e28) thrown at [/home/zulu_re/workspace/Zulu/zulu-platform-build/74653/zulu-src.git/hotspot/src/share/vm/prims/jni.cpp, line 739]
Event: 0,961 Thread 0xb6a09c00 Exception <a 'org/lwjgl/LWJGLException': Could not load OpenAL library> (0x9dc96350) thrown at [/home/zulu_re/workspace/Zulu/zulu-platform-build/74653/zulu-src.git/hotspot/src/share/vm/prims/jni.cpp, line 739]
Event: 0,962 Thread 0xb6a09c00 Exception <a 'org/lwjgl/LWJGLException': Could not load OpenAL library> (0x9dc968d8) thrown at [/home/zulu_re/workspace/Zulu/zulu-platform-build/74653/zulu-src.git/hotspot/src/share/vm/prims/jni.cpp, line 739]
Event: 1,467 Thread 0x75a52000 Exception <a 'java/lang/NoClassDefFoundError': org/lwjgl/opengles/GLContext> (0x9ded90f0) thrown at [/home/zulu_re/workspace/Zulu/zulu-platform-build/74653/zulu-src.git/hotspot/src/share/vm/classfile/systemDictionary.cpp, line 209]
Event: 1,467 Thread 0x75a52000 Exception <a 'org/lwjgl/LWJGLException': Could not open X display connection> (0x9ded9450) thrown at [/home/zulu_re/workspace/Zulu/zulu-platform-build/74653/zulu-src.git/hotspot/src/share/vm/prims/jni.cpp, line 739]
Event: 1,468 Thread 0x75a52000 Exception <a 'java/lang/ExceptionInInitializerError'> (0x9ded9b48) thrown at [/home/zulu_re/workspace/Zulu/zulu-platform-build/74653/zulu-src.git/hotspot/src/share/vm/oops/instanceKlass.cpp, line 968]

Events (10 events):
Event: 1,469 loading class java/util/IdentityHashMap$KeySet
Event: 1,469 loading class java/util/IdentityHashMap$KeySet done
Event: 1,472 Executing VM operation: ParallelGCFailedAllocation
Event: 1,482 Executing VM operation: ParallelGCFailedAllocation done
Event: 1,483 Thread 0x75a52000 Thread exited: 0x75a52000
Event: 1,483 loading class java/lang/Shutdown
Event: 1,483 loading class java/lang/Shutdown done
Event: 1,484 loading class java/lang/Shutdown$Lock
Event: 1,484 loading class java/lang/Shutdown$Lock done
Event: 1,487 Thread 0xb6a09c00 Thread exited: 0xb6a09c00


Dynamic libraries:
08048000-08049000 r-xp 00000000 08:05 4719114    /usr/lib/jvm/zulu8.92.0.19-ca-jdk8.0.482-linux_i686/bin/java
08049000-0804a000 r--p 00000000 08:05 4719114    /usr/lib/jvm/zulu8.92.0.19-ca-jdk8.0.482-linux_i686/bin/java
0804a000-0804b000 rw-p 00001000 08:05 4719114    /usr/lib/jvm/zulu8.92.0.19-ca-jdk8.0.482-linux_i686/bin/java
09607000-096f4000 rw-p 00000000 00:00 0          [heap]
7578c000-7578e000 r--p 00000000 08:05 2919662    /usr/lib/i386-linux-gnu/libGLX.so.0.0.0
7578e000-757b9000 r-xp 00002000 08:05 2919662    /usr/lib/i386-linux-gnu/libGLX.so.0.0.0
757b9000-757be000 r--p 0002d000 08:05 2919662    /usr/lib/i386-linux-gnu/libGLX.so.0.0.0
757be000-757bf000 r--p 00031000 08:05 2919662    /usr/lib/i386-linux-gnu/libGLX.so.0.0.0
757bf000-757c0000 rw-p 00032000 08:05 2919662    /usr/lib/i386-linux-gnu/libGLX.so.0.0.0
757c0000-757c8000 rw-p 00000000 00:00 0 
757c8000-757de000 r--p 00000000 08:05 2919548    /usr/lib/i386-linux-gnu/libGLdispatch.so.0.0.0
757de000-7581d000 r-xp 00016000 08:05 2919548    /usr/lib/i386-linux-gnu/libGLdispatch.so.0.0.0
7581d000-75831000 r--p 00055000 08:05 2919548    /usr/lib/i386-linux-gnu/libGLdispatch.so.0.0.0
75831000-7583f000 r--p 00069000 08:05 2919548    /usr/lib/i386-linux-gnu/libGLdispatch.so.0.0.0
7583f000-75840000 rw-p 00077000 08:05 2919548    /usr/lib/i386-linux-gnu/libGLdispatch.so.0.0.0
75840000-75844000 rw-p 00000000 00:00 0 
75844000-75873000 r--p 00000000 08:05 2919664    /usr/lib/i386-linux-gnu/libGL.so.1.7.0
75873000-75893000 r-xp 0002f000 08:05 2919664    /usr/lib/i386-linux-gnu/libGL.so.1.7.0
75893000-758a8000 r--p 0004f000 08:05 2919664    /usr/lib/i386-linux-gnu/libGL.so.1.7.0
758a8000-758af000 r--p 00064000 08:05 2919664    /usr/lib/i386-linux-gnu/libGL.so.1.7.0
758af000-758b0000 rw-p 0006b000 08:05 2919664    /usr/lib/i386-linux-gnu/libGL.so.1.7.0
758b0000-758d0000 rw-p 00000000 00:00 0 
758d0000-759b4000 ---p 00000000 00:00 0 
759b4000-75a00000 rw-p 00000000 00:00 0 
75a00000-75a73000 rw-p 00000000 00:00 0 
75a73000-75b00000 ---p 00000000 00:00 0 
75b27000-75b2b000 ---p 00000000 00:00 0 
75b2b000-75b41000 rw-p 00000000 00:00 0 
75b41000-75b42000 ---p 00000000 00:00 0 
75b42000-75c42000 rw-p 00000000 00:00 0 
75c42000-79c42000 rw-s 00000000 00:01 2896       /memfd:pulseaudio (deleted)
79c42000-7dc42000 rw-s 00000000 00:01 7          /memfd:pulseaudio (deleted)
7dc42000-81c42000 rw-s 00000000 00:01 2895       /memfd:pulseaudio (deleted)
81c42000-85c42000 rw-s 00000000 00:01 2895       /memfd:pulseaudio (deleted)
85c42000-85c43000 ---p 00000000 00:00 0 
85c43000-86443000 rw-p 00000000 00:00 0 
86443000-86446000 r--p 00000000 08:05 2883971    /usr/lib/i386-linux-gnu/libgpg-error.so.0.33.1
86446000-8645c000 r-xp 00003000 08:05 2883971    /usr/lib/i386-linux-gnu/libgpg-error.so.0.33.1
8645c000-8646b000 r--p 00019000 08:05 2883971    /usr/lib/i386-linux-gnu/libgpg-error.so.0.33.1
8646b000-8646c000 r--p 00027000 08:05 2883971    /usr/lib/i386-linux-gnu/libgpg-error.so.0.33.1
8646c000-8646d000 rw-p 00028000 08:05 2883971    /usr/lib/i386-linux-gnu/libgpg-error.so.0.33.1
8646d000-8646f000 r--p 00000000 08:05 2883987    /usr/lib/i386-linux-gnu/liblz4.so.1.9.4
8646f000-8648d000 r-xp 00002000 08:05 2883987    /usr/lib/i386-linux-gnu/liblz4.so.1.9.4
8648d000-86491000 r--p 00020000 08:05 2883987    /usr/lib/i386-linux-gnu/liblz4.so.1.9.4
86491000-86492000 r--p 00024000 08:05 2883987    /usr/lib/i386-linux-gnu/liblz4.so.1.9.4
86492000-86493000 rw-p 00025000 08:05 2883987    /usr/lib/i386-linux-gnu/liblz4.so.1.9.4
86493000-86496000 r--p 00000000 08:05 2885783    /usr/lib/i386-linux-gnu/libzstd.so.1.5.4
86496000-8652d000 r-xp 00003000 08:05 2885783    /usr/lib/i386-linux-gnu/libzstd.so.1.5.4
8652d000-86549000 r--p 0009a000 08:05 2885783    /usr/lib/i386-linux-gnu/libzstd.so.1.5.4
86549000-8654a000 r--p 000b5000 08:05 2885783    /usr/lib/i386-linux-gnu/libzstd.so.1.5.4
8654a000-8654b000 rw-p 000b6000 08:05 2885783    /usr/lib/i386-linux-gnu/libzstd.so.1.5.4
8654b000-8654e000 r--p 00000000 08:05 2938369    /usr/lib/i386-linux-gnu/liblzma.so.5.4.1
8654e000-8656f000 r-xp 00003000 08:05 2938369    /usr/lib/i386-linux-gnu/liblzma.so.5.4.1
8656f000-8657f000 r--p 00024000 08:05 2938369    /usr/lib/i386-linux-gnu/liblzma.so.5.4.1
8657f000-86580000 r--p 00034000 08:05 2938369    /usr/lib/i386-linux-gnu/liblzma.so.5.4.1
86580000-86581000 rw-p 00035000 08:05 2938369    /usr/lib/i386-linux-gnu/liblzma.so.5.4.1
86581000-86588000 r--p 00000000 08:05 2883976    /usr/lib/i386-linux-gnu/libgcrypt.so.20.4.1
86588000-8662e000 r-xp 00007000 08:05 2883976    /usr/lib/i386-linux-gnu/libgcrypt.so.20.4.1
8662e000-86685000 r--p 000ad000 08:05 2883976    /usr/lib/i386-linux-gnu/libgcrypt.so.20.4.1
86685000-86688000 r--p 00104000 08:05 2883976    /usr/lib/i386-linux-gnu/libgcrypt.so.20.4.1
86688000-8668b000 rw-p 00107000 08:05 2883976    /usr/lib/i386-linux-gnu/libgcrypt.so.20.4.1
8668b000-8668c000 rw-p 00000000 00:00 0 
8668c000-8668e000 r--p 00000000 08:05 2884789    /usr/lib/i386-linux-gnu/libcap.so.2.66
8668e000-86694000 r-xp 00002000 08:05 2884789    /usr/lib/i386-linux-gnu/libcap.so.2.66
86694000-86697000 r--p 00008000 08:05 2884789    /usr/lib/i386-linux-gnu/libcap.so.2.66
86697000-86698000 r--p 0000a000 08:05 2884789    /usr/lib/i386-linux-gnu/libcap.so.2.66
86698000-86699000 rw-p 0000b000 08:05 2884789    /usr/lib/i386-linux-gnu/libcap.so.2.66
86699000-8669d000 r--p 00000000 08:05 2906420    /usr/lib/i386-linux-gnu/libmp3lame.so.0.0.0
8669d000-866cb000 r-xp 00004000 08:05 2906420    /usr/lib/i386-linux-gnu/libmp3lame.so.0.0.0
866cb000-866e2000 r--p 00032000 08:05 2906420    /usr/lib/i386-linux-gnu/libmp3lame.so.0.0.0
866e2000-866e3000 r--p 00048000 08:05 2906420    /usr/lib/i386-linux-gnu/libmp3lame.so.0.0.0
866e3000-866e4000 rw-p 00049000 08:05 2906420    /usr/lib/i386-linux-gnu/libmp3lame.so.0.0.0
866e4000-86711000 rw-p 00000000 00:00 0 
86711000-86715000 r--p 00000000 08:05 2906426    /usr/lib/i386-linux-gnu/libmpg123.so.0.47.0
86715000-86754000 r-xp 00004000 08:05 2906426    /usr/lib/i386-linux-gnu/libmpg123.so.0.47.0
86754000-86775000 r--p 00043000 08:05 2906426    /usr/lib/i386-linux-gnu/libmpg123.so.0.47.0
86775000-86776000 r--p 00063000 08:05 2906426    /usr/lib/i386-linux-gnu/libmpg123.so.0.47.0
86776000-86777000 rw-p 00064000 08:05 2906426    /usr/lib/i386-linux-gnu/libmpg123.so.0.47.0
86777000-86779000 r--p 00000000 08:05 2906408    /usr/lib/i386-linux-gnu/libogg.so.0.8.5
86779000-8677c000 r-xp 00002000 08:05 2906408    /usr/lib/i386-linux-gnu/libogg.so.0.8.5
8677c000-86780000 r--p 00005000 08:05 2906408    /usr/lib/i386-linux-gnu/libogg.so.0.8.5
86780000-86781000 r--p 00008000 08:05 2906408    /usr/lib/i386-linux-gnu/libogg.so.0.8.5
86781000-86782000 rw-p 00009000 08:05 2906408    /usr/lib/i386-linux-gnu/libogg.so.0.8.5
86782000-86784000 r--p 00000000 08:05 2906433    /usr/lib/i386-linux-gnu/libopus.so.0.8.0
86784000-867ca000 r-xp 00002000 08:05 2906433    /usr/lib/i386-linux-gnu/libopus.so.0.8.0
867ca000-867e1000 r--p 00048000 08:05 2906433    /usr/lib/i386-linux-gnu/libopus.so.0.8.0
867e1000-867e2000 r--p 0005e000 08:05 2906433    /usr/lib/i386-linux-gnu/libopus.so.0.8.0
867e2000-867e3000 rw-p 0005f000 08:05 2906433    /usr/lib/i386-linux-gnu/libopus.so.0.8.0
867e3000-867ea000 r--p 00000000 08:05 2906445    /usr/lib/i386-linux-gnu/libvorbisenc.so.2.0.12
867ea000-867ed000 r-xp 00007000 08:05 2906445    /usr/lib/i386-linux-gnu/libvorbisenc.so.2.0.12
867ed000-8685d000 r--p 0000a000 08:05 2906445    /usr/lib/i386-linux-gnu/libvorbisenc.so.2.0.12
8685d000-8685e000 ---p 0007a000 08:05 2906445    /usr/lib/i386-linux-gnu/libvorbisenc.so.2.0.12
8685e000-8686f000 r--p 0007a000 08:05 2906445    /usr/lib/i386-linux-gnu/libvorbisenc.so.2.0.12
8686f000-86870000 rw-p 0008b000 08:05 2906445    /usr/lib/i386-linux-gnu/libvorbisenc.so.2.0.12
86870000-86872000 r--p 00000000 08:05 2906438    /usr/lib/i386-linux-gnu/libvorbis.so.0.4.9
86872000-86887000 r-xp 00002000 08:05 2906438    /usr/lib/i386-linux-gnu/libvorbis.so.0.4.9
86887000-8689a000 r--p 00017000 08:05 2906438    /usr/lib/i386-linux-gnu/libvorbis.so.0.4.9
8689a000-8689b000 r--p 00029000 08:05 2906438    /usr/lib/i386-linux-gnu/libvorbis.so.0.4.9
8689b000-8689c000 rw-p 0002a000 08:05 2906438    /usr/lib/i386-linux-gnu/libvorbis.so.0.4.9
8689c000-868a3000 r--p 00000000 08:05 2906414    /usr/lib/i386-linux-gnu/libFLAC.so.12.0.0
868a3000-868e3000 r-xp 00007000 08:05 2906414    /usr/lib/i386-linux-gnu/libFLAC.so.12.0.0
868e3000-868f2000 r--p 00047000 08:05 2906414    /usr/lib/i386-linux-gnu/libFLAC.so.12.0.0
868f2000-868f3000 r--p 00056000 08:05 2906414    /usr/lib/i386-linux-gnu/libFLAC.so.12.0.0
868f3000-868f4000 rw-p 00057000 08:05 2906414    /usr/lib/i386-linux-gnu/libFLAC.so.12.0.0
868f4000-868f5000 r--p 00000000 08:05 2906401    /usr/lib/i386-linux-gnu/libasyncns.so.0.3.1
868f5000-868f8000 r-xp 00001000 08:05 2906401    /usr/lib/i386-linux-gnu/libasyncns.so.0.3.1
868f8000-868fa000 r--p 00004000 08:05 2906401    /usr/lib/i386-linux-gnu/libasyncns.so.0.3.1
868fa000-868fb000 r--p 00005000 08:05 2906401    /usr/lib/i386-linux-gnu/libasyncns.so.0.3.1
868fb000-868fc000 rw-p 00006000 08:05 2906401    /usr/lib/i386-linux-gnu/libasyncns.so.0.3.1
868fc000-8690a000 r--p 00000000 08:05 2897127    /usr/lib/i386-linux-gnu/libsystemd.so.0.35.0
8690a000-8698f000 r-xp 0000e000 08:05 2897127    /usr/lib/i386-linux-gnu/libsystemd.so.0.35.0
8698f000-869cb000 r--p 00093000 08:05 2897127    /usr/lib/i386-linux-gnu/libsystemd.so.0.35.0
869cb000-869d1000 r--p 000cf000 08:05 2897127    /usr/lib/i386-linux-gnu/libsystemd.so.0.35.0
869d1000-869d2000 rw-p 000d5000 08:05 2897127    /usr/lib/i386-linux-gnu/libsystemd.so.0.35.0
869d2000-869d7000 r--p 00000000 08:05 2893540    /usr/lib/i386-linux-gnu/libsndfile.so.1.0.35
869d7000-86a3e000 r-xp 00005000 08:05 2893540    /usr/lib/i386-linux-gnu/libsndfile.so.1.0.35
86a3e000-86a6d000 r--p 0006c000 08:05 2893540    /usr/lib/i386-linux-gnu/libsndfile.so.1.0.35
86a6d000-86a6f000 r--p 0009a000 08:05 2893540    /usr/lib/i386-linux-gnu/libsndfile.so.1.0.35
86a6f000-86a70000 rw-p 0009c000 08:05 2893540    /usr/lib/i386-linux-gnu/libsndfile.so.1.0.35
86a70000-86a72000 rw-p 00000000 00:00 0 
86a72000-86a7c000 r--p 00000000 08:05 2890504    /usr/lib/i386-linux-gnu/libdbus-1.so.3.32.4
86a7c000-86aaf000 r-xp 0000a000 08:05 2890504    /usr/lib/i386-linux-gnu/libdbus-1.so.3.32.4
86aaf000-86ad1000 r--p 0003d000 08:05 2890504    /usr/lib/i386-linux-gnu/libdbus-1.so.3.32.4
86ad1000-86ad2000 r--p 0005f000 08:05 2890504    /usr/lib/i386-linux-gnu/libdbus-1.so.3.32.4
86ad2000-86ad3000 rw-p 00060000 08:05 2890504    /usr/lib/i386-linux-gnu/libdbus-1.so.3.32.4
86ad3000-86ae1000 r--p 00000000 08:05 2906466    /usr/lib/i386-linux-gnu/pulseaudio/libpulsecommon-16.1.so
86ae1000-86b2a000 r-xp 0000e000 08:05 2906466    /usr/lib/i386-linux-gnu/pulseaudio/libpulsecommon-16.1.so
86b2a000-86b61000 r--p 00057000 08:05 2906466    /usr/lib/i386-linux-gnu/pulseaudio/libpulsecommon-16.1.so
86b61000-86b63000 r--p 0008d000 08:05 2906466    /usr/lib/i386-linux-gnu/pulseaudio/libpulsecommon-16.1.so
86b63000-86b64000 rw-p 0008f000 08:05 2906466    /usr/lib/i386-linux-gnu/pulseaudio/libpulsecommon-16.1.so
86b64000-86b6d000 r--p 00000000 08:05 2906464    /usr/lib/i386-linux-gnu/libpulse.so.0.24.2
86b6d000-86b9e000 r-xp 00009000 08:05 2906464    /usr/lib/i386-linux-gnu/libpulse.so.0.24.2
86b9e000-86bc0000 r--p 0003a000 08:05 2906464    /usr/lib/i386-linux-gnu/libpulse.so.0.24.2
86bc0000-86bc1000 r--p 0005c000 08:05 2906464    /usr/lib/i386-linux-gnu/libpulse.so.0.24.2
86bc1000-86bc2000 rw-p 0005d000 08:05 2906464    /usr/lib/i386-linux-gnu/libpulse.so.0.24.2
86bc2000-86be5000 r--p 00000000 08:05 2899568    /usr/share/locale/pt/LC_MESSAGES/libc.mo
86be5000-86c33000 r-xp 00000